# ============================================
# Initialization time: 2023-03-02T15:28:26Z
# <timestamp>, <millis>, <HEX ID> <Sensor Data>
# =============================================
2023-03-02T15:28:26Z,605,d39896f013c,25
2023-03-02T15:28:27Z,1789,d39896f013c,24.69
2023-03-02T15:28:29Z,2961,d39896f013c,24.69
2023-03-02T15:28:30Z,4128,d39896f013c,24.69
2023-03-02T15:28:31Z,5297,d39896f013c,24.75
2023-03-02T15:28:32Z,6462,d39896f013c,24.75
2023-03-02T15:28:33Z,7629,d39896f013c,24.75
2023-03-02T15:28:34Z,8797,d39896f013c,24.69
2023-03-02T15:28:36Z,9965,d39896f013c,24.75
2023-03-02T15:28:37Z,11132,d39896f013c,24.75
2023-03-02T15:28:38Z,12300,d39896f013c,24.75
2023-03-02T15:28:39Z,13467,d39896f013c,24.75
2023-03-02T15:28:40Z,14636,d39896f013c,24.75
2023-03-02T15:28:42Z,15803,d39896f013c,24.75
2023-03-02T15:28:43Z,16975,d39896f013c,24.75
2023-03-02T15:28:44Z,18144,d39896f013c,24.75
2023-03-02T15:28:45Z,19314,d39896f013c,24.75
2023-03-02T15:28:46Z,20483,d39896f013c,24.75
2023-03-02T15:28:47Z,21650,d39896f013c,24.75
2023-03-02T15:28:49Z,22817,d39896f013c,24.81
2023-03-02T15:28:50Z,23986,d39896f013c,24.81
2023-03-02T15:28:51Z,25153,d39896f013c,24.81
2023-03-02T15:28:52Z,26320,d39896f013c,24.75
2023-03-02T15:28:53Z,27489,d39896f013c,24.81
2023-03-02T15:28:54Z,28656,d39896f013c,24.81
2023-03-02T15:28:56Z,29824,d39896f013c,24.81
2023-03-02T15:28:57Z,30995,d39896f013c,24.81
2023-03-02T15:28:58Z,32162,d39896f013c,24.81
2023-03-02T15:28:59Z,33330,d39896f013c,24.88
2023-03-02T15:29:00Z,34497,d39896f013c,24.81
2023-03-02T15:29:01Z,35664,d39896f013c,24.88
2023-03-02T15:29:03Z,36832,d39896f013c,24.88
2023-03-02T15:29:04Z,37999,d39896f013c,24.88
2023-03-02T15:29:05Z,39168,d39896f013c,24.88
2023-03-02T15:29:06Z,40335,d39896f013c,24.88
2023-03-02T15:29:07Z,41502,d39896f013c,24.88
2023-03-02T15:29:08Z,42673,d39896f013c,24.88
2023-03-02T15:29:10Z,43840,d39896f013c,24.88
2023-03-02T15:29:11Z,45006,d39896f013c,24.88
2023-03-02T15:29:12Z,46179,d39896f013c,24.88
2023-03-02T15:29:13Z,47346,d39896f013c,24.88
2023-03-02T15:29:14Z,48514,d39896f013c,24.88
2023-03-02T15:29:15Z,49681,d39896f013c,24.88
2023-03-02T15:29:17Z,50847,d39896f013c,24.88
2023-03-02T15:29:18Z,52015,d39896f013c,24.88
2023-03-02T15:29:19Z,53182,d39896f013c,24.88
2023-03-02T15:29:20Z,54356,d39896f013c,24.88
2023-03-02T15:29:21Z,55516,d39896f013c,24.88
2023-03-02T15:29:22Z,56674,d39896f013c,24.88
2023-03-02T15:29:24Z,57833,d39896f013c,24.88
2023-03-02T15:29:25Z,58992,d39896f013c,24.88
2023-03-02T15:29:26Z,60151,d39896f013c,24.88
2023-03-02T15:29:27Z,61310,d39896f013c,24.88
2023-03-02T15:29:28Z,62470,d39896f013c,24.88
2023-03-02T15:29:29Z,63628,d39896f013c,24.88
2023-03-02T15:29:31Z,64787,d39896f013c,24.94
2023-03-02T15:29:32Z,65949,d39896f013c,24.94
2023-03-02T15:29:33Z,67109,d39896f013c,24.94
2023-03-02T15:29:34Z,68269,d39896f013c,24.88
2023-03-02T15:29:35Z,69428,d39896f013c,24.88
2023-03-02T15:29:36Z,70588,d39896f013c,24.88
2023-03-02T15:29:37Z,71747,d39896f013c,24.94
2023-03-02T15:29:39Z,72906,d39896f013c,24.94
2023-03-02T15:29:40Z,74072,d39896f013c,24.94
2023-03-02T15:29:41Z,75231,d39896f013c,24.94
2023-03-02T15:29:42Z,76391,d39896f013c,24.94
2023-03-02T15:29:43Z,77553,d39896f013c,24.94
2023-03-02T15:29:44Z,78713,d39896f013c,24.88
2023-03-02T15:29:46Z,79873,d39896f013c,24.94
2023-03-02T15:29:47Z,81033,d39896f013c,24.94
2023-03-02T15:29:48Z,82192,d39896f013c,24.94
2023-03-02T15:29:49Z,83352,d39896f013c,24.94
2023-03-02T15:29:50Z,84511,d39896f013c,24.94
2023-03-02T15:29:51Z,85670,d39896f013c,24.94
2023-03-02T15:29:53Z,86831,d39896f013c,24.94
2023-03-02T15:29:54Z,87990,d39896f013c,24.94
2023-03-02T15:29:55Z,89153,d39896f013c,24.94
2023-03-02T15:29:56Z,90312,d39896f013c,24.94
2023-03-02T15:29:57Z,91471,d39896f013c,24.94
2023-03-02T15:29:58Z,92632,d39896f013c,24.94
2023-03-02T15:30:00Z,93791,d39896f013c,24.94
2023-03-02T15:30:01Z,94950,d39896f013c,24.94
2023-03-02T15:30:02Z,96110,d39896f013c,24.94
2023-03-02T15:30:03Z,97269,d39896f013c,24.88
2023-03-02T15:30:04Z,98428,d39896f013c,24.94
2023-03-02T15:30:05Z,99589,d39896f013c,24.88
2023-03-02T15:30:07Z,100746,d39896f013c,24.94
2023-03-02T15:30:08Z,101905,d39896f013c,24.94
2023-03-02T15:30:09Z,103070,d39896f013c,24.88
2023-03-02T15:30:10Z,104230,d39896f013c,24.88
2023-03-02T15:30:11Z,105390,d39896f013c,24.81
2023-03-02T15:30:12Z,106550,d39896f013c,24.75
2023-03-02T15:30:13Z,107710,d39896f013c,24.75
2023-03-02T15:30:15Z,108869,d39896f013c,24.69
2023-03-02T15:30:16Z,110029,d39896f013c,24.69
2023-03-02T15:30:17Z,111188,d39896f013c,24.63
2023-03-02T15:30:18Z,112352,d39896f013c,24.63
2023-03-02T15:30:19Z,113512,d39896f013c,24.56
2023-03-02T15:30:20Z,114671,d39896f013c,24.5
2023-03-02T15:30:22Z,115831,d39896f013c,24.5
2023-03-02T15:30:23Z,116990,d39896f013c,24.5
2023-03-02T15:30:24Z,118150,d39896f013c,24.44
2023-03-02T15:30:25Z,119310,d39896f013c,24.38
2023-03-02T15:30:26Z,120469,d39896f013c,24.31
2023-03-02T15:30:27Z,121629,d39896f013c,24.25
2023-03-02T15:30:29Z,122788,d39896f013c,24.19
2023-03-02T15:30:30Z,123952,d39896f013c,24.13
2023-03-02T15:30:31Z,125111,d39896f013c,24.19
2023-03-02T15:30:32Z,126270,d39896f013c,24.13
2023-03-02T15:30:33Z,127430,d39896f013c,24.06
2023-03-02T15:30:34Z,128589,d39896f013c,24
2023-03-02T15:30:36Z,129748,d39896f013c,23.94
2023-03-02T15:30:37Z,130909,d39896f013c,23.94
2023-03-02T15:30:38Z,132074,d39896f013c,23.94
2023-03-02T15:30:39Z,133233,d39896f013c,23.94
2023-03-02T15:30:40Z,134396,d39896f013c,23.88
2023-03-02T15:30:41Z,135556,d39896f013c,23.81
2023-03-02T15:30:42Z,136715,d39896f013c,23.75
2023-03-02T15:30:44Z,137874,d39896f013c,23.75
2023-03-02T15:30:45Z,139032,d39896f013c,23.75
2023-03-02T15:30:46Z,140191,d39896f013c,23.69
2023-03-02T15:30:47Z,141350,d39896f013c,23.69
2023-03-02T15:30:48Z,142510,d39896f013c,23.63
2023-03-02T15:30:49Z,143669,d39896f013c,23.69
2023-03-02T15:30:51Z,144828,d39896f013c,23.69
2023-03-02T15:30:52Z,145999,d39896f013c,23.69
2023-03-02T15:30:53Z,147165,d39896f013c,23.63
2023-03-02T15:30:54Z,148330,d39896f013c,23.63
2023-03-02T15:30:55Z,149495,d39896f013c,23.69
2023-03-02T15:30:56Z,150661,d39896f013c,23.69
2023-03-02T15:30:58Z,151826,d39896f013c,23.69
2023-03-02T15:30:59Z,152991,d39896f013c,23.63
2023-03-02T15:31:00Z,154157,d39896f013c,23.63
2023-03-02T15:31:01Z,155322,d39896f013c,23.69
2023-03-02T15:31:02Z,156487,d39896f013c,23.63
2023-03-02T15:31:03Z,157656,d39896f013c,23.69
2023-03-02T15:31:05Z,158821,d39896f013c,23.63
2023-03-02T15:31:06Z,159992,d39896f013c,23.63
2023-03-02T15:31:07Z,161159,d39896f013c,23.69
2023-03-02T15:31:08Z,162325,d39896f013c,23.63
2023-03-02T15:31:09Z,163491,d39896f013c,23.63
2023-03-02T15:31:10Z,164657,d39896f013c,23.63
2023-03-02T15:31:12Z,165823,d39896f013c,23.63
2023-03-02T15:31:13Z,166989,d39896f013c,23.63
2023-03-02T15:31:14Z,168155,d39896f013c,23.63
2023-03-02T15:31:15Z,169324,d39896f013c,23.56
2023-03-02T15:31:16Z,170490,d39896f013c,23.56
2023-03-02T15:31:17Z,171656,d39896f013c,23.63
2023-03-02T15:31:19Z,172822,d39896f013c,23.56
2023-03-02T15:31:20Z,173988,d39896f013c,23.63
2023-03-02T15:31:21Z,175154,d39896f013c,23.63
2023-03-02T15:31:22Z,176320,d39896f013c,23.63
2023-03-02T15:31:23Z,177485,d39896f013c,23.56
2023-03-02T15:31:24Z,178652,d39896f013c,23.56
2023-03-02T15:31:26Z,179817,d39896f013c,23.56
2023-03-02T15:31:27Z,180986,d39896f013c,23.56
2023-03-02T15:31:28Z,182153,d39896f013c,23.5
2023-03-02T15:31:29Z,183318,d39896f013c,23.5
2023-03-02T15:31:30Z,184484,d39896f013c,23.5
2023-03-02T15:31:31Z,185650,d39896f013c,23.5
2023-03-02T15:31:33Z,186816,d39896f013c,23.5
2023-03-02T15:31:34Z,187981,d39896f013c,23.44
2023-03-02T15:31:35Z,189153,d39896f013c,23.44
2023-03-02T15:31:36Z,190319,d39896f013c,23.44
2023-03-02T15:31:37Z,191485,d39896f013c,23.44
2023-03-02T15:31:38Z,192655,d39896f013c,23.44
2023-03-02T15:31:40Z,193821,d39896f013c,23.44
2023-03-02T15:31:41Z,194987,d39896f013c,23.44
2023-03-02T15:31:42Z,196153,d39896f013c,23.44
2023-03-02T15:31:43Z,197319,d39896f013c,23.38
2023-03-02T15:31:44Z,198486,d39896f013c,23.38
2023-03-02T15:31:45Z,199651,d39896f013c,23.38
2023-03-02T15:31:47Z,200817,d39896f013c,23.38
2023-03-02T15:31:48Z,201982,d39896f013c,23.44
2023-03-02T15:31:49Z,203152,d39896f013c,23.44
2023-03-02T15:31:50Z,204318,d39896f013c,23.38
2023-03-02T15:31:51Z,205484,d39896f013c,23.38
2023-03-02T15:31:52Z,206650,d39896f013c,23.38
2023-03-02T15:31:54Z,207815,d39896f013c,23.38
2023-03-02T15:31:55Z,208982,d39896f013c,23.38
2023-03-02T15:31:56Z,210147,d39896f013c,23.38
2023-03-02T15:31:57Z,211313,d39896f013c,23.38
2023-03-02T15:31:58Z,212478,d39896f013c,23.38
2023-03-02T15:31:59Z,213645,d39896f013c,23.38
2023-03-02T15:32:01Z,214814,d39896f013c,23.38
2023-03-02T15:32:02Z,215980,d39896f013c,23.38
2023-03-02T15:32:03Z,217151,d39896f013c,23.38
2023-03-02T15:32:04Z,218316,d39896f013c,23.38
2023-03-02T15:32:05Z,219483,d39896f013c,23.38
2023-03-02T15:32:06Z,220649,d39896f013c,23.38
2023-03-02T15:32:08Z,221815,d39896f013c,23.38
2023-03-02T15:32:09Z,222981,d39896f013c,23.31
2023-03-02T15:32:10Z,224147,d39896f013c,23.31
2023-03-02T15:32:11Z,225313,d39896f013c,23.31
2023-03-02T15:32:12Z,226482,d39896f013c,23.38
2023-03-02T15:32:13Z,227647,d39896f013c,23.38
2023-03-02T15:32:15Z,228812,d39896f013c,23.31
2023-03-02T15:32:16Z,229978,d39896f013c,23.31
2023-03-02T15:32:17Z,231143,d39896f013c,23.38
2023-03-02T15:32:18Z,232308,d39896f013c,23.31
2023-03-02T15:32:19Z,233474,d39896f013c,23.31
2023-03-02T15:32:20Z,234639,d39896f013c,23.31
2023-03-02T15:32:22Z,235804,d39896f013c,23.31
2023-03-02T15:32:23Z,236969,d39896f013c,23.31
2023-03-02T15:32:24Z,238148,d39896f013c,23.31
2023-03-02T15:32:25Z,239315,d39896f013c,23.31
2023-03-02T15:32:26Z,240483,d39896f013c,23.31
2023-03-02T15:32:27Z,241650,d39896f013c,23.38
2023-03-02T15:32:29Z,242818,d39896f013c,23.31
2023-03-02T15:32:30Z,243985,d39896f013c,23.19
2023-03-02T15:32:31Z,245152,d39896f013c,21.06
2023-03-02T15:32:32Z,246325,d39896f013c,18.5
2023-03-02T15:32:33Z,247492,d39896f013c,16.31
2023-03-02T15:32:35Z,248660,d39896f013c,14.5
2023-03-02T15:32:36Z,249826,d39896f013c,13.06
2023-03-02T15:32:37Z,250994,d39896f013c,11.88
2023-03-02T15:32:38Z,252162,d39896f013c,10.88
2023-03-02T15:32:39Z,253330,d39896f013c,10.13
2023-03-02T15:32:40Z,254498,d39896f013c,9.5
2023-03-02T15:32:42Z,255667,d39896f013c,8.94
2023-03-02T15:32:43Z,256834,d39896f013c,8.38
2023-03-02T15:32:44Z,258002,d39896f013c,7.94
2023-03-02T15:32:45Z,259171,d39896f013c,7.56
2023-03-02T15:32:46Z,260338,d39896f013c,7.25
2023-03-02T15:32:47Z,261510,d39896f013c,6.94
2023-03-02T15:32:49Z,262678,d39896f013c,6.63
2023-03-02T15:32:50Z,263845,d39896f013c,6.38
2023-03-02T15:32:51Z,265014,d39896f013c,6.13
2023-03-02T15:32:52Z,266181,d39896f013c,5.88
2023-03-02T15:32:53Z,267350,d39896f013c,5.63
2023-03-02T15:32:54Z,268517,d39896f013c,5.44
2023-03-02T15:32:56Z,269685,d39896f013c,5.25
2023-03-02T15:32:57Z,270853,d39896f013c,5.06
2023-03-02T15:32:58Z,272021,d39896f013c,4.88
2023-03-02T15:32:59Z,273192,d39896f013c,4.75
2023-03-02T15:33:00Z,274365,d39896f013c,4.56
2023-03-02T15:33:01Z,275533,d39896f013c,4.44
2023-03-02T15:33:03Z,276702,d39896f013c,4.31
2023-03-02T15:33:04Z,277870,d39896f013c,4.19
2023-03-02T15:33:05Z,279038,d39896f013c,4.13
2023-03-02T15:33:06Z,280206,d39896f013c,4.06
2023-03-02T15:33:07Z,281374,d39896f013c,4
2023-03-02T15:33:08Z,282543,d39896f013c,3.88
2023-03-02T15:33:10Z,283710,d39896f013c,3.81
2023-03-02T15:33:11Z,284881,d39896f013c,3.69
2023-03-02T15:33:12Z,286050,d39896f013c,3.63
2023-03-02T15:33:13Z,287218,d39896f013c,3.56
2023-03-02T15:33:14Z,288386,d39896f013c,3.5
2023-03-02T15:33:15Z,289554,d39896f013c,3.44
2023-03-02T15:33:17Z,290721,d39896f013c,3.25
2023-03-02T15:33:18Z,291890,d39896f013c,3.31
2023-03-02T15:33:19Z,293057,d39896f013c,3.25
2023-03-02T15:33:20Z,294225,d39896f013c,3.19
2023-03-02T15:33:21Z,295393,d39896f013c,3.13
2023-03-02T15:33:22Z,296564,d39896f013c,3.13
2023-03-02T15:33:24Z,297733,d39896f013c,3.06
2023-03-02T15:33:25Z,298900,d39896f013c,3.06
2023-03-02T15:33:26Z,300068,d39896f013c,3
2023-03-02T15:33:27Z,301236,d39896f013c,3
2023-03-02T15:33:28Z,302404,d39896f013c,2.94
2023-03-02T15:33:29Z,303578,d39896f013c,2.94
2023-03-02T15:33:31Z,304745,d39896f013c,2.94
2023-03-02T15:33:32Z,305913,d39896f013c,2.88
2023-03-02T15:33:33Z,307082,d39896f013c,2.88
2023-03-02T15:33:34Z,308253,d39896f013c,2.81
2023-03-02T15:33:35Z,309422,d39896f013c,2.81
2023-03-02T15:33:36Z,310589,d39896f013c,2.75
2023-03-02T15:33:38Z,311757,d39896f013c,2.69
2023-03-02T15:33:39Z,312926,d39896f013c,2.69
2023-03-02T15:33:40Z,314093,d39896f013c,2.69
2023-03-02T15:33:41Z,315261,d39896f013c,2.63
2023-03-02T15:33:42Z,316429,d39896f013c,2.63
2023-03-02T15:33:43Z,317597,d39896f013c,2.63
2023-03-02T15:33:45Z,318766,d39896f013c,2.63
2023-03-02T15:33:46Z,319936,d39896f013c,2.63
2023-03-02T15:33:47Z,321103,d39896f013c,2.63
2023-03-02T15:33:48Z,322271,d39896f013c,2.56
2023-03-02T15:33:49Z,323438,d39896f013c,2.56
2023-03-02T15:33:50Z,324605,d39896f013c,2.56
2023-03-02T15:33:52Z,325773,d39896f013c,2.56
2023-03-02T15:33:53Z,326940,d39896f013c,2.5
2023-03-02T15:33:54Z,328108,d39896f013c,2.5
2023-03-02T15:33:55Z,329275,d39896f013c,2.5
2023-03-02T15:33:56Z,330442,d39896f013c,2.5
2023-03-02T15:33:58Z,331620,d39896f013c,2.5
2023-03-02T15:33:59Z,332785,d39896f013c,2.5
2023-03-02T15:34:00Z,333944,d39896f013c,2.44
2023-03-02T15:34:01Z,335105,d39896f013c,2.44
2023-03-02T15:34:02Z,336264,d39896f013c,2.5
2023-03-02T15:34:03Z,337424,d39896f013c,2.5
2023-03-02T15:34:04Z,338583,d39896f013c,2.44
2023-03-02T15:34:06Z,339742,d39896f013c,2.44
2023-03-02T15:34:07Z,340902,d39896f013c,2.44
2023-03-02T15:34:08Z,342062,d39896f013c,2.44
2023-03-02T15:34:09Z,343224,d39896f013c,2.44
2023-03-02T15:34:10Z,344384,d39896f013c,2.5
2023-03-02T15:34:11Z,345544,d39896f013c,2.44
2023-03-02T15:34:13Z,346704,d39896f013c,2.44
2023-03-02T15:34:14Z,347865,d39896f013c,2.44
2023-03-02T15:34:15Z,349024,d39896f013c,2.44
2023-03-02T15:34:16Z,350184,d39896f013c,2.44
2023-03-02T15:34:17Z,351344,d39896f013c,2.44
2023-03-02T15:34:18Z,352504,d39896f013c,2.38
2023-03-02T15:34:20Z,353665,d39896f013c,2.44
2023-03-02T15:34:21Z,354827,d39896f013c,2.44
2023-03-02T15:34:22Z,355987,d39896f013c,2.38
2023-03-02T15:34:23Z,357147,d39896f013c,2.44
2023-03-02T15:34:24Z,358307,d39896f013c,2.44
2023-03-02T15:34:25Z,359467,d39896f013c,2.38
2023-03-02T15:34:27Z,360633,d39896f013c,2.38
2023-03-02T15:34:28Z,361792,d39896f013c,2.44
2023-03-02T15:34:29Z,362953,d39896f013c,2.44
2023-03-02T15:34:30Z,364113,d39896f013c,2.38
2023-03-02T15:34:31Z,365273,d39896f013c,2.44
2023-03-02T15:34:32Z,366436,d39896f013c,2.38
2023-03-02T15:34:34Z,367596,d39896f013c,2.38
2023-03-02T15:34:35Z,368756,d39896f013c,2.38
2023-03-02T15:34:36Z,369916,d39896f013c,2.38
2023-03-02T15:34:37Z,371077,d39896f013c,2.38
2023-03-02T15:34:38Z,372237,d39896f013c,2.38
2023-03-02T15:34:39Z,373397,d39896f013c,2.38
2023-03-02T15:34:40Z,374556,d39896f013c,2.38
2023-03-02T15:34:42Z,375716,d39896f013c,2.44
2023-03-02T15:34:43Z,376877,d39896f013c,2.38
2023-03-02T15:34:44Z,378040,d39896f013c,2.38
2023-03-02T15:34:45Z,379200,d39896f013c,2.38
2023-03-02T15:34:46Z,380360,d39896f013c,2.38
2023-03-02T15:34:47Z,381519,d39896f013c,2.31
2023-03-02T15:34:49Z,382680,d39896f013c,2.38
2023-03-02T15:34:50Z,383840,d39896f013c,2.38
2023-03-02T15:34:51Z,385000,d39896f013c,2.38
2023-03-02T15:34:52Z,386159,d39896f013c,2.38
2023-03-02T15:34:53Z,387319,d39896f013c,2.38
2023-03-02T15:34:54Z,388480,d39896f013c,2.38
2023-03-02T15:34:56Z,389648,d39896f013c,2.31
2023-03-02T15:34:57Z,390808,d39896f013c,2.38
2023-03-02T15:34:58Z,391968,d39896f013c,2.38
2023-03-02T15:34:59Z,393128,d39896f013c,2.38
2023-03-02T15:35:00Z,394289,d39896f013c,2.38
2023-03-02T15:35:01Z,395449,d39896f013c,2.38
2023-03-02T15:35:03Z,396609,d39896f013c,2.31
2023-03-02T15:35:04Z,397769,d39896f013c,2.31
2023-03-02T15:35:05Z,398929,d39896f013c,2.38
2023-03-02T15:35:06Z,400089,d39896f013c,2.38
2023-03-02T15:35:07Z,401252,d39896f013c,2.38
2023-03-02T15:35:08Z,402412,d39896f013c,2.38
2023-03-02T15:35:10Z,403572,d39896f013c,2.38
2023-03-02T15:35:11Z,404731,d39896f013c,2.38
2023-03-02T15:35:12Z,405892,d39896f013c,2.38
2023-03-02T15:35:13Z,407052,d39896f013c,2.38
2023-03-02T15:35:14Z,408212,d39896f013c,2.31
2023-03-02T15:35:15Z,409372,d39896f013c,2.38
2023-03-02T15:35:16Z,410532,d39896f013c,2.38
2023-03-02T15:35:18Z,411692,d39896f013c,2.38
2023-03-02T15:35:19Z,412855,d39896f013c,2.31
2023-03-02T15:35:20Z,414014,d39896f013c,2.38
2023-03-02T15:35:21Z,415173,d39896f013c,2.38
2023-03-02T15:35:22Z,416332,d39896f013c,2.38
2023-03-02T15:35:23Z,417498,d39896f013c,2.38
2023-03-02T15:35:25Z,418658,d39896f013c,2.38
2023-03-02T15:35:26Z,419817,d39896f013c,2.31
2023-03-02T15:35:27Z,420976,d39896f013c,2.38
2023-03-02T15:35:28Z,422136,d39896f013c,2.31
2023-03-02T15:35:29Z,423296,d39896f013c,2.31
2023-03-02T15:35:30Z,424468,d39896f013c,2.31
2023-03-02T15:35:32Z,425633,d39896f013c,2.38
2023-03-02T15:35:33Z,426799,d39896f013c,2.31
2023-03-02T15:35:34Z,427965,d39896f013c,2.38
2023-03-02T15:35:35Z,429130,d39896f013c,2.38
2023-03-02T15:35:36Z,430297,d39896f013c,2.31
2023-03-02T15:35:37Z,431462,d39896f013c,2.38
2023-03-02T15:35:39Z,432627,d39896f013c,2.38
2023-03-02T15:35:40Z,433793,d39896f013c,2.31
2023-03-02T15:35:41Z,434959,d39896f013c,2.38
2023-03-02T15:35:42Z,436127,d39896f013c,2.38
2023-03-02T15:35:43Z,437294,d39896f013c,2.38
2023-03-02T15:35:44Z,438460,d39896f013c,2.38
2023-03-02T15:35:46Z,439626,d39896f013c,2.38
2023-03-02T15:35:47Z,440793,d39896f013c,2.38
2023-03-02T15:35:48Z,441958,d39896f013c,2.38
2023-03-02T15:35:49Z,443124,d39896f013c,2.38
2023-03-02T15:35:50Z,444291,d39896f013c,2.38
2023-03-02T15:35:51Z,445457,d39896f013c,2.38
2023-03-02T15:35:53Z,446628,d39896f013c,2.38
2023-03-02T15:35:54Z,447798,d39896f013c,2.38
2023-03-02T15:35:55Z,448964,d39896f013c,2.31
2023-03-02T15:35:56Z,450130,d39896f013c,2.31
2023-03-02T15:35:57Z,451297,d39896f013c,2.38
2023-03-02T15:35:58Z,452463,d39896f013c,2.38
2023-03-02T15:36:00Z,453629,d39896f013c,2.38
2023-03-02T15:36:01Z,454796,d39896f013c,2.38
2023-03-02T15:36:02Z,455962,d39896f013c,2.38
2023-03-02T15:36:03Z,457128,d39896f013c,2.31
2023-03-02T15:36:04Z,458295,d39896f013c,2.38
2023-03-02T15:36:05Z,459465,d39896f013c,2.38
2023-03-02T15:36:07Z,460632,d39896f013c,2.31
2023-03-02T15:36:08Z,461797,d39896f013c,2.38
2023-03-02T15:36:09Z,462963,d39896f013c,2.38
2023-03-02T15:36:10Z,464130,d39896f013c,2.31
2023-03-02T15:36:11Z,465296,d39896f013c,2.38
2023-03-02T15:36:12Z,466462,d39896f013c,2.38
2023-03-02T15:36:14Z,467628,d39896f013c,2.38
2023-03-02T15:36:15Z,468794,d39896f013c,2.31
2023-03-02T15:36:16Z,469960,d39896f013c,2.31
2023-03-02T15:36:17Z,471127,d39896f013c,2.31
2023-03-02T15:36:18Z,472296,d39896f013c,2.38
2023-03-02T15:36:19Z,473462,d39896f013c,2.38
2023-03-02T15:36:21Z,474633,d39896f013c,2.38
2023-03-02T15:36:22Z,475799,d39896f013c,2.31
2023-03-02T15:36:23Z,476966,d39896f013c,2.31
2023-03-02T15:36:24Z,478133,d39896f013c,2.31
2023-03-02T15:36:25Z,479299,d39896f013c,2.38
2023-03-02T15:36:26Z,480465,d39896f013c,2.38
2023-03-02T15:36:28Z,481631,d39896f013c,2.31
2023-03-02T15:36:29Z,482797,d39896f013c,2.31
2023-03-02T15:36:30Z,483968,d39896f013c,2.31
2023-03-02T15:36:31Z,485134,d39896f013c,2.38
2023-03-02T15:36:32Z,486299,d39896f013c,2.31
2023-03-02T15:36:33Z,487465,d39896f013c,2.31
2023-03-02T15:36:35Z,488632,d39896f013c,2.31
2023-03-02T15:36:36Z,489798,d39896f013c,2.31
2023-03-02T15:36:37Z,490964,d39896f013c,2.38
2023-03-02T15:36:38Z,492131,d39896f013c,2.38
2023-03-02T15:36:39Z,493296,d39896f013c,2.38
2023-03-02T15:36:40Z,494462,d39896f013c,2.31
2023-03-02T15:36:42Z,495632,d39896f013c,2.38
2023-03-02T15:36:43Z,496798,d39896f013c,2.31
2023-03-02T15:36:44Z,497965,d39896f013c,2.38
2023-03-02T15:36:45Z,499131,d39896f013c,2.31
2023-03-02T15:36:46Z,500296,d39896f013c,2.38
2023-03-02T15:36:47Z,501463,d39896f013c,2.38
2023-03-02T15:36:49Z,502629,d39896f013c,2.31
2023-03-02T15:36:50Z,503800,d39896f013c,2.38
2023-03-02T15:36:51Z,504967,d39896f013c,2.31
2023-03-02T15:36:52Z,506133,d39896f013c,2.38
2023-03-02T15:36:53Z,507302,d39896f013c,2.38
2023-03-02T15:36:54Z,508468,d39896f013c,2.31
2023-03-02T15:36:56Z,509634,d39896f013c,2.38
2023-03-02T15:36:57Z,510799,d39896f013c,2.31
2023-03-02T15:36:58Z,511965,d39896f013c,2.31
2023-03-02T15:36:59Z,513131,d39896f013c,2.38
2023-03-02T15:37:00Z,514296,d39896f013c,2.31
2023-03-02T15:37:01Z,515462,d39896f013c,2.31
2023-03-02T15:37:03Z,516628,d39896f013c,2.31
2023-03-02T15:37:04Z,517793,d39896f013c,2.31
2023-03-02T15:37:05Z,518972,d39896f013c,2.38
2023-03-02T15:37:06Z,520140,d39896f013c,2.38
2023-03-02T15:37:07Z,521308,d39896f013c,2.31
2023-03-02T15:37:08Z,522475,d39896f013c,2.31
2023-03-02T15:37:10Z,523643,d39896f013c,2.31
2023-03-02T15:37:11Z,524811,d39896f013c,2.38
2023-03-02T15:37:12Z,525978,d39896f013c,2.38
2023-03-02T15:37:13Z,527147,d39896f013c,2.38
2023-03-02T15:37:14Z,528314,d39896f013c,2.38
2023-03-02T15:37:15Z,529481,d39896f013c,2.38
2023-03-02T15:37:17Z,530653,d39896f013c,2.38
2023-03-02T15:37:18Z,531822,d39896f013c,2.38
2023-03-02T15:37:19Z,532995,d39896f013c,2.38
2023-03-02T15:37:20Z,534163,d39896f013c,2.38
2023-03-02T15:37:21Z,535332,d39896f013c,2.38
2023-03-02T15:37:23Z,536501,d39896f013c,2.38
2023-03-02T15:37:24Z,537668,d39896f013c,2.38
2023-03-02T15:37:25Z,538838,d39896f013c,2.38
2023-03-02T15:37:26Z,540006,d39896f013c,2.38
2023-03-02T15:37:27Z,541174,d39896f013c,2.38
2023-03-02T15:37:28Z,542346,d39896f013c,2.38
2023-03-02T15:37:30Z,543514,d39896f013c,2.38
2023-03-02T15:37:31Z,544683,d39896f013c,2.38
2023-03-02T15:37:32Z,545851,d39896f013c,2.38
2023-03-02T15:37:33Z,547019,d39896f013c,2.38
2023-03-02T15:37:34Z,548188,d39896f013c,2.38
2023-03-02T15:37:35Z,549356,d39896f013c,2.38
2023-03-02T15:37:37Z,550524,d39896f013c,2.38
2023-03-02T15:37:38Z,551692,d39896f013c,2.38
2023-03-02T15:37:39Z,552860,d39896f013c,2.38
2023-03-02T15:37:40Z,554032,d39896f013c,2.38
2023-03-02T15:37:41Z,555200,d39896f013c,2.44
2023-03-02T15:37:42Z,556368,d39896f013c,2.38
2023-03-02T15:37:44Z,557537,d39896f013c,2.38
2023-03-02T15:37:45Z,558705,d39896f013c,2.38
2023-03-02T15:37:46Z,559874,d39896f013c,2.38
2023-03-02T15:37:47Z,561047,d39896f013c,2.44
2023-03-02T15:37:48Z,562215,d39896f013c,2.38
2023-03-02T15:37:49Z,563384,d39896f013c,2.38
2023-03-02T15:37:51Z,564552,d39896f013c,2.38
2023-03-02T15:37:52Z,565724,d39896f013c,2.38
2023-03-02T15:37:53Z,566892,d39896f013c,2.38
2023-03-02T15:37:54Z,568060,d39896f013c,2.31
2023-03-02T15:37:55Z,569229,d39896f013c,2.38
2023-03-02T15:37:56Z,570397,d39896f013c,2.38
2023-03-02T15:37:58Z,571566,d39896f013c,2.38
2023-03-02T15:37:59Z,572734,d39896f013c,2.38
2023-03-02T15:38:00Z,573902,d39896f013c,2.38
2023-03-02T15:38:01Z,575071,d39896f013c,2.38
2023-03-02T15:38:02Z,576239,d39896f013c,2.38
2023-03-02T15:38:03Z,577405,d39896f013c,2.38
2023-03-02T15:38:05Z,578574,d39896f013c,2.38
2023-03-02T15:38:06Z,579742,d39896f013c,2.38
2023-03-02T15:38:07Z,580911,d39896f013c,2.38
2023-03-02T15:38:08Z,582079,d39896f013c,2.38
2023-03-02T15:38:09Z,583246,d39896f013c,2.38
2023-03-02T15:38:10Z,584415,d39896f013c,2.38
2023-03-02T15:38:12Z,585583,d39896f013c,2.38
2023-03-02T15:38:13Z,586752,d39896f013c,2.44
2023-03-02T15:38:14Z,587920,d39896f013c,2.38
2023-03-02T15:38:15Z,589086,d39896f013c,2.38
2023-03-02T15:38:16Z,590260,d39896f013c,2.38
2023-03-02T15:38:17Z,591428,d39896f013c,2.44
2023-03-02T15:38:19Z,592596,d39896f013c,2.38
2023-03-02T15:38:20Z,593765,d39896f013c,2.38
2023-03-02T15:38:21Z,594933,d39896f013c,2.38
2023-03-02T15:38:22Z,596102,d39896f013c,2.38
2023-03-02T15:38:23Z,597270,d39896f013c,2.44
2023-03-02T15:38:24Z,598438,d39896f013c,2.38
2023-03-02T15:38:26Z,599607,d39896f013c,2.38
2023-03-02T15:38:27Z,600778,d39896f013c,2.38
2023-03-02T15:38:28Z,601946,d39896f013c,2.31
2023-03-02T15:38:29Z,603114,d39896f013c,2.44
2023-03-02T15:38:30Z,604281,d39896f013c,2.44
2023-03-02T15:38:32Z,605449,d39896f013c,2.38
2023-03-02T15:38:33Z,606617,d39896f013c,2.38
2023-03-02T15:38:34Z,607784,d39896f013c,2.38
2023-03-02T15:38:35Z,608952,d39896f013c,2.31
2023-03-02T15:38:36Z,610119,d39896f013c,2.38
2023-03-02T15:38:37Z,611288,d39896f013c,2.38
2023-03-02T15:38:39Z,612457,d39896f013c,2.38
2023-03-02T15:38:40Z,613617,d39896f013c,2.38
2023-03-02T15:38:41Z,614776,d39896f013c,2.38
2023-03-02T15:38:42Z,615937,d39896f013c,2.44
2023-03-02T15:38:43Z,617096,d39896f013c,2.38
2023-03-02T15:38:44Z,618260,d39896f013c,2.31
2023-03-02T15:38:45Z,619420,d39896f013c,2.31
2023-03-02T15:38:47Z,620580,d39896f013c,2.31
2023-03-02T15:38:48Z,621741,d39896f013c,2.38
2023-03-02T15:38:49Z,622900,d39896f013c,2.38
2023-03-02T15:38:50Z,624063,d39896f013c,2.38
2023-03-02T15:38:51Z,625223,d39896f013c,2.38
2023-03-02T15:38:52Z,626383,d39896f013c,2.38
2023-03-02T15:38:54Z,627544,d39896f013c,2.38
2023-03-02T15:38:55Z,628705,d39896f013c,2.38
2023-03-02T15:38:56Z,629865,d39896f013c,2.38
2023-03-02T15:38:57Z,631025,d39896f013c,2.38
2023-03-02T15:38:58Z,632185,d39896f013c,2.38
2023-03-02T15:38:59Z,633346,d39896f013c,2.38
2023-03-02T15:39:01Z,634506,d39896f013c,2.38
2023-03-02T15:39:02Z,635664,d39896f013c,2.38
2023-03-02T15:39:03Z,636824,d39896f013c,2.38
2023-03-02T15:39:04Z,637984,d39896f013c,2.38
2023-03-02T15:39:05Z,639144,d39896f013c,2.38
2023-03-02T15:39:06Z,640305,d39896f013c,2.38
2023-03-02T15:39:08Z,641465,d39896f013c,2.38
2023-03-02T15:39:09Z,642625,d39896f013c,2.25
2023-03-02T15:39:10Z,643785,d39896f013c,2.25
2023-03-02T15:39:11Z,644945,d39896f013c,2.31
2023-03-02T15:39:12Z,646106,d39896f013c,2.31
2023-03-02T15:39:13Z,647274,d39896f013c,2.31
2023-03-02T15:39:15Z,648434,d39896f013c,2.38
2023-03-02T15:39:16Z,649594,d39896f013c,2.38
2023-03-02T15:39:17Z,650756,d39896f013c,2.38
2023-03-02T15:39:18Z,651916,d39896f013c,2.38
2023-03-02T15:39:19Z,653076,d39896f013c,2.31
2023-03-02T15:39:20Z,654236,d39896f013c,2.31
2023-03-02T15:39:21Z,655396,d39896f013c,2.38
2023-03-02T15:39:23Z,656557,d39896f013c,2.38
2023-03-02T15:39:24Z,657717,d39896f013c,2.44
2023-03-02T15:39:25Z,658880,d39896f013c,2.38
2023-03-02T15:39:26Z,660040,d39896f013c,2.31
2023-03-02T15:39:27Z,661200,d39896f013c,2.38
2023-03-02T15:39:28Z,662361,d39896f013c,2.38
2023-03-02T15:39:30Z,663521,d39896f013c,2.38
2023-03-02T15:39:31Z,664681,d39896f013c,2.38
2023-03-02T15:39:32Z,665841,d39896f013c,2.31
2023-03-02T15:39:33Z,667001,d39896f013c,2.31
2023-03-02T15:39:34Z,668162,d39896f013c,2.38
2023-03-02T15:39:35Z,669322,d39896f013c,2.38
2023-03-02T15:39:37Z,670485,d39896f013c,2.38
2023-03-02T15:39:38Z,671645,d39896f013c,2.38
2023-03-02T15:39:39Z,672805,d39896f013c,2.38
2023-03-02T15:39:40Z,673966,d39896f013c,2.38
2023-03-02T15:39:41Z,675127,d39896f013c,2.38
2023-03-02T15:39:42Z,676292,d39896f013c,2.38
2023-03-02T15:39:44Z,677452,d39896f013c,2.38
2023-03-02T15:39:45Z,678612,d39896f013c,2.38
2023-03-02T15:39:46Z,679773,d39896f013c,2.38
2023-03-02T15:39:47Z,680933,d39896f013c,2.38
2023-03-02T15:39:48Z,682097,d39896f013c,2.44
2023-03-02T15:39:49Z,683257,d39896f013c,2.38
2023-03-02T15:39:51Z,684418,d39896f013c,2.44
2023-03-02T15:39:52Z,685578,d39896f013c,2.38
2023-03-02T15:39:53Z,686738,d39896f013c,2.38
2023-03-02T15:39:54Z,687898,d39896f013c,2.38
2023-03-02T15:39:55Z,689058,d39896f013c,2.38
2023-03-02T15:39:56Z,690219,d39896f013c,2.31
2023-03-02T15:39:57Z,691379,d39896f013c,2.38
2023-03-02T15:39:59Z,692539,d39896f013c,2.31
2023-03-02T15:40:00Z,693702,d39896f013c,2.38
2023-03-02T15:40:01Z,694861,d39896f013c,2.44
2023-03-02T15:40:02Z,696022,d39896f013c,2.44
2023-03-02T15:40:03Z,697181,d39896f013c,2.44
2023-03-02T15:40:04Z,698340,d39896f013c,2.44
2023-03-02T15:40:06Z,699500,d39896f013c,2.44
2023-03-02T15:40:07Z,700659,d39896f013c,2.44
2023-03-02T15:40:08Z,701819,d39896f013c,2.44
2023-03-02T15:40:09Z,702979,d39896f013c,2.44
2023-03-02T15:40:10Z,704144,d39896f013c,2.44
2023-03-02T15:40:11Z,705316,d39896f013c,2.44
2023-03-02T15:40:13Z,706483,d39896f013c,2.44
2023-03-02T15:40:14Z,707649,d39896f013c,2.44
2023-03-02T15:40:15Z,708815,d39896f013c,2.5
2023-03-02T15:40:16Z,709982,d39896f013c,2.44
2023-03-02T15:40:17Z,711148,d39896f013c,2.5
2023-03-02T15:40:18Z,712314,d39896f013c,2.44
2023-03-02T15:40:20Z,713480,d39896f013c,2.44
2023-03-02T15:40:21Z,714646,d39896f013c,2.5
2023-03-02T15:40:22Z,715812,d39896f013c,2.5
2023-03-02T15:40:23Z,716982,d39896f013c,2.5
2023-03-02T15:40:24Z,718148,d39896f013c,2.56
2023-03-02T15:40:25Z,719314,d39896f013c,2.5
2023-03-02T15:40:27Z,720481,d39896f013c,2.5
2023-03-02T15:40:28Z,721647,d39896f013c,2.56
2023-03-02T15:40:29Z,722814,d39896f013c,2.56
2023-03-02T15:40:30Z,723981,d39896f013c,2.56
2023-03-02T15:40:31Z,725147,d39896f013c,2.56
2023-03-02T15:40:32Z,726313,d39896f013c,2.5
2023-03-02T15:40:34Z,727480,d39896f013c,2.5
2023-03-02T15:40:35Z,728650,d39896f013c,2.5
2023-03-02T15:40:36Z,729817,d39896f013c,2.5
2023-03-02T15:40:37Z,730983,d39896f013c,2.5
2023-03-02T15:40:38Z,732149,d39896f013c,2.56
2023-03-02T15:40:39Z,733322,d39896f013c,2.56
2023-03-02T15:40:41Z,734488,d39896f013c,2.5
2023-03-02T15:40:42Z,735654,d39896f013c,2.56
2023-03-02T15:40:43Z,736822,d39896f013c,2.56
2023-03-02T15:40:44Z,737988,d39896f013c,2.56
2023-03-02T15:40:45Z,739154,d39896f013c,2.56
2023-03-02T15:40:46Z,740325,d39896f013c,2.56
2023-03-02T15:40:48Z,741491,d39896f013c,2.56
2023-03-02T15:40:49Z,742659,d39896f013c,2.56
2023-03-02T15:40:50Z,743825,d39896f013c,2.56
2023-03-02T15:40:51Z,744991,d39896f013c,2.56
2023-03-02T15:40:52Z,746158,d39896f013c,2.63
2023-03-02T15:40:53Z,747324,d39896f013c,2.63
2023-03-02T15:40:55Z,748491,d39896f013c,2.56
2023-03-02T15:40:56Z,749658,d39896f013c,2.63
2023-03-02T15:40:57Z,750824,d39896f013c,2.63
2023-03-02T15:40:58Z,751988,d39896f013c,2.63
2023-03-02T15:40:59Z,753155,d39896f013c,2.63
2023-03-02T15:41:00Z,754321,d39896f013c,2.63
2023-03-02T15:41:02Z,755487,d39896f013c,2.63
2023-03-02T15:41:03Z,756655,d39896f013c,2.63
2023-03-02T15:41:04Z,757821,d39896f013c,2.63
2023-03-02T15:41:05Z,758987,d39896f013c,2.63
2023-03-02T15:41:06Z,760154,d39896f013c,2.63
2023-03-02T15:41:07Z,761325,d39896f013c,2.63
2023-03-02T15:41:09Z,762492,d39896f013c,2.69
2023-03-02T15:41:10Z,763659,d39896f013c,2.63
2023-03-02T15:41:11Z,764823,d39896f013c,2.69
2023-03-02T15:41:12Z,765990,d39896f013c,2.69
2023-03-02T15:41:13Z,767157,d39896f013c,2.69
2023-03-02T15:41:14Z,768323,d39896f013c,2.63
2023-03-02T15:41:16Z,769490,d39896f013c,2.63
2023-03-02T15:41:17Z,770657,d39896f013c,2.63
2023-03-02T15:41:18Z,771823,d39896f013c,2.63
2023-03-02T15:41:19Z,772989,d39896f013c,2.63
2023-03-02T15:41:20Z,774157,d39896f013c,2.69
2023-03-02T15:41:21Z,775323,d39896f013c,2.75
2023-03-02T15:41:23Z,776493,d39896f013c,2.69
2023-03-02T15:41:24Z,777660,d39896f013c,2.69
2023-03-02T15:41:25Z,778826,d39896f013c,2.75
2023-03-02T15:41:26Z,779993,d39896f013c,2.75
2023-03-02T15:41:27Z,781159,d39896f013c,2.75
2023-03-02T15:41:28Z,782325,d39896f013c,2.75
2023-03-02T15:41:30Z,783492,d39896f013c,2.75
2023-03-02T15:41:31Z,784659,d39896f013c,2.75
2023-03-02T15:41:32Z,785825,d39896f013c,2.81
2023-03-02T15:41:33Z,786992,d39896f013c,2.81
2023-03-02T15:41:34Z,788161,d39896f013c,2.81
2023-03-02T15:41:36Z,789326,d39896f013c,2.81
2023-03-02T15:41:37Z,790498,d39896f013c,2.81
2023-03-02T15:41:38Z,791664,d39896f013c,2.81
2023-03-02T15:41:39Z,792830,d39896f013c,2.75
2023-03-02T15:41:40Z,793997,d39896f013c,2.81
2023-03-02T15:41:41Z,795163,d39896f013c,2.81
2023-03-02T15:41:43Z,796328,d39896f013c,2.88
2023-03-02T15:41:44Z,797495,d39896f013c,2.81
2023-03-02T15:41:45Z,798661,d39896f013c,2.88
2023-03-02T15:41:46Z,799833,d39896f013c,2.88
2023-03-02T15:41:47Z,801001,d39896f013c,2.88
2023-03-02T15:41:48Z,802169,d39896f013c,2.88
2023-03-02T15:41:50Z,803338,d39896f013c,2.81
2023-03-02T15:41:51Z,804505,d39896f013c,2.88
2023-03-02T15:41:52Z,805673,d39896f013c,2.88
2023-03-02T15:41:53Z,806842,d39896f013c,2.88
2023-03-02T15:41:54Z,808009,d39896f013c,2.88
2023-03-02T15:41:55Z,809178,d39896f013c,2.88
2023-03-02T15:41:57Z,810345,d39896f013c,2.94
2023-03-02T15:41:58Z,811512,d39896f013c,2.88
2023-03-02T15:41:59Z,812681,d39896f013c,2.94
2023-03-02T15:42:00Z,813849,d39896f013c,2.94
2023-03-02T15:42:01Z,815017,d39896f013c,2.94
2023-03-02T15:42:02Z,816186,d39896f013c,2.94
2023-03-02T15:42:04Z,817354,d39896f013c,2.94
2023-03-02T15:42:05Z,818524,d39896f013c,2.94
2023-03-02T15:42:06Z,819697,d39896f013c,2.94
2023-03-02T15:42:07Z,820866,d39896f013c,2.94
2023-03-02T15:42:08Z,822035,d39896f013c,2.94
2023-03-02T15:42:09Z,823207,d39896f013c,2.94
2023-03-02T15:42:11Z,824376,d39896f013c,2.94
2023-03-02T15:42:12Z,825544,d39896f013c,3
2023-03-02T15:42:13Z,826714,d39896f013c,3
2023-03-02T15:42:14Z,827882,d39896f013c,3
2023-03-02T15:42:15Z,829050,d39896f013c,3.06
2023-03-02T15:42:16Z,830219,d39896f013c,3.06
2023-03-02T15:42:18Z,831388,d39896f013c,3.06
2023-03-02T15:42:19Z,832557,d39896f013c,3.06
2023-03-02T15:42:20Z,833725,d39896f013c,3.06
2023-03-02T15:42:21Z,834897,d39896f013c,3.06
2023-03-02T15:42:22Z,836066,d39896f013c,3.13
2023-03-02T15:42:23Z,837234,d39896f013c,3.06
2023-03-02T15:42:25Z,838404,d39896f013c,3.06
2023-03-02T15:42:26Z,839572,d39896f013c,3.06
2023-03-02T15:42:27Z,840740,d39896f013c,3.13
2023-03-02T15:42:28Z,841909,d39896f013c,3.06
2023-03-02T15:42:29Z,843077,d39896f013c,3.13
2023-03-02T15:42:30Z,844246,d39896f013c,3.13
2023-03-02T15:42:32Z,845415,d39896f013c,3.13
2023-03-02T15:42:33Z,846586,d39896f013c,3.19
2023-03-02T15:42:34Z,847760,d39896f013c,3.19
2023-03-02T15:42:35Z,848929,d39896f013c,3.19
2023-03-02T15:42:36Z,850098,d39896f013c,3.19
2023-03-02T15:42:37Z,851267,d39896f013c,3.19
2023-03-02T15:42:39Z,852435,d39896f013c,3.19
2023-03-02T15:42:40Z,853604,d39896f013c,3.19
2023-03-02T15:42:41Z,854773,d39896f013c,3.19
2023-03-02T15:42:42Z,855942,d39896f013c,3.19
2023-03-02T15:42:43Z,857110,d39896f013c,3.19
2023-03-02T15:42:45Z,858283,d39896f013c,3.25
2023-03-02T15:42:46Z,859451,d39896f013c,3.25
2023-03-02T15:42:47Z,860620,d39896f013c,3.25
2023-03-02T15:42:48Z,861789,d39896f013c,3.25
2023-03-02T15:42:49Z,862957,d39896f013c,3.31
2023-03-02T15:42:50Z,864125,d39896f013c,3.31
2023-03-02T15:42:52Z,865294,d39896f013c,3.31
2023-03-02T15:42:53Z,866462,d39896f013c,3.31
2023-03-02T15:42:54Z,867632,d39896f013c,3.31
2023-03-02T15:42:55Z,868800,d39896f013c,3.31
2023-03-02T15:42:56Z,869971,d39896f013c,3.38
2023-03-02T15:42:57Z,871141,d39896f013c,3.38
2023-03-02T15:42:59Z,872309,d39896f013c,3.38
2023-03-02T15:43:00Z,873478,d39896f013c,3.44
2023-03-02T15:43:01Z,874646,d39896f013c,3.38
2023-03-02T15:43:02Z,875814,d39896f013c,3.38
2023-03-02T15:43:03Z,876989,d39896f013c,3.38
2023-03-02T15:43:04Z,878157,d39896f013c,3.38
2023-03-02T15:43:06Z,879326,d39896f013c,3.38
2023-03-02T15:43:07Z,880495,d39896f013c,3.44
2023-03-02T15:43:08Z,881667,d39896f013c,3.44
2023-03-02T15:43:09Z,882835,d39896f013c,3.38
2023-03-02T15:43:10Z,884003,d39896f013c,3.44
2023-03-02T15:43:11Z,885172,d39896f013c,3.44
2023-03-02T15:43:13Z,886339,d39896f013c,3.44
2023-03-02T15:43:14Z,887507,d39896f013c,3.5
2023-03-02T15:43:15Z,888675,d39896f013c,3.44
2023-03-02T15:43:16Z,889843,d39896f013c,3.5
2023-03-02T15:43:17Z,891012,d39896f013c,3.5
2023-03-02T15:43:18Z,892179,d39896f013c,3.5
2023-03-02T15:43:20Z,893357,d39896f013c,3.5
2023-03-02T15:43:21Z,894517,d39896f013c,3.5
2023-03-02T15:43:22Z,895677,d39896f013c,3.5
2023-03-02T15:43:23Z,896836,d39896f013c,3.5
2023-03-02T15:43:24Z,897996,d39896f013c,3.56
2023-03-02T15:43:25Z,899156,d39896f013c,3.56
2023-03-02T15:43:27Z,900317,d39896f013c,3.56
2023-03-02T15:43:28Z,901477,d39896f013c,3.56
2023-03-02T15:43:29Z,902636,d39896f013c,3.56
2023-03-02T15:43:30Z,903796,d39896f013c,3.56
2023-03-02T15:43:31Z,904965,d39896f013c,3.63
2023-03-02T15:43:32Z,906126,d39896f013c,3.63
2023-03-02T15:43:34Z,907286,d39896f013c,3.63
2023-03-02T15:43:35Z,908447,d39896f013c,3.63
2023-03-02T15:43:36Z,909607,d39896f013c,3.63
2023-03-02T15:43:37Z,910769,d39896f013c,3.63
2023-03-02T15:43:38Z,911929,d39896f013c,3.69
2023-03-02T15:43:39Z,913090,d39896f013c,3.69
2023-03-02T15:43:41Z,914250,d39896f013c,3.75
2023-03-02T15:43:42Z,915411,d39896f013c,3.69
2023-03-02T15:43:43Z,916575,d39896f013c,3.69
2023-03-02T15:43:44Z,917735,d39896f013c,3.75
2023-03-02T15:43:45Z,918896,d39896f013c,3.75
2023-03-02T15:43:46Z,920056,d39896f013c,3.75
2023-03-02T15:43:47Z,921218,d39896f013c,3.75
2023-03-02T15:43:49Z,922378,d39896f013c,3.81
2023-03-02T15:43:50Z,923539,d39896f013c,3.75
2023-03-02T15:43:51Z,924699,d39896f013c,3.81
2023-03-02T15:43:52Z,925859,d39896f013c,3.81
2023-03-02T15:43:53Z,927021,d39896f013c,3.81
2023-03-02T15:43:54Z,928184,d39896f013c,3.81
2023-03-02T15:43:56Z,929344,d39896f013c,3.81
2023-03-02T15:43:57Z,930505,d39896f013c,3.81
2023-03-02T15:43:58Z,931665,d39896f013c,3.81
2023-03-02T15:43:59Z,932827,d39896f013c,3.88
2023-03-02T15:44:00Z,933992,d39896f013c,3.81
2023-03-02T15:44:01Z,935153,d39896f013c,3.88
2023-03-02T15:44:03Z,936313,d39896f013c,3.88
2023-03-02T15:44:04Z,937475,d39896f013c,3.94
2023-03-02T15:44:05Z,938636,d39896f013c,3.94
2023-03-02T15:44:06Z,939799,d39896f013c,3.94
2023-03-02T15:44:07Z,940959,d39896f013c,3.94
2023-03-02T15:44:08Z,942120,d39896f013c,3.94
2023-03-02T15:44:10Z,943281,d39896f013c,3.94
2023-03-02T15:44:11Z,944442,d39896f013c,3.94
2023-03-02T15:44:12Z,945602,d39896f013c,4
2023-03-02T15:44:13Z,946763,d39896f013c,4
2023-03-02T15:44:14Z,947923,d39896f013c,4
2023-03-02T15:44:15Z,949085,d39896f013c,4
2023-03-02T15:44:17Z,950245,d39896f013c,4
2023-03-02T15:44:18Z,951408,d39896f013c,4.06
2023-03-02T15:44:19Z,952569,d39896f013c,4.06
2023-03-02T15:44:20Z,953730,d39896f013c,4.06
2023-03-02T15:44:21Z,954890,d39896f013c,4.06
2023-03-02T15:44:22Z,956051,d39896f013c,4.06
2023-03-02T15:44:23Z,957211,d39896f013c,4.13
2023-03-02T15:44:25Z,958372,d39896f013c,4.06
2023-03-02T15:44:26Z,959533,d39896f013c,4.13
2023-03-02T15:44:27Z,960693,d39896f013c,4.06
2023-03-02T15:44:28Z,961854,d39896f013c,4.13
2023-03-02T15:44:29Z,963022,d39896f013c,4.13
2023-03-02T15:44:30Z,964184,d39896f013c,4.13
2023-03-02T15:44:32Z,965344,d39896f013c,4.13
2023-03-02T15:44:33Z,966505,d39896f013c,4.19
2023-03-02T15:44:34Z,967665,d39896f013c,4.19
2023-03-02T15:44:35Z,968826,d39896f013c,4.19
2023-03-02T15:44:36Z,969987,d39896f013c,4.19
2023-03-02T15:44:37Z,971148,d39896f013c,4.19
2023-03-02T15:44:39Z,972308,d39896f013c,4.19
2023-03-02T15:44:40Z,973469,d39896f013c,4.31
2023-03-02T15:44:41Z,974632,d39896f013c,4.25
2023-03-02T15:44:42Z,975793,d39896f013c,4.25
2023-03-02T15:44:43Z,976953,d39896f013c,4.25
2023-03-02T15:44:44Z,978112,d39896f013c,4.25
2023-03-02T15:44:46Z,979272,d39896f013c,4.25
2023-03-02T15:44:47Z,980432,d39896f013c,4.25
2023-03-02T15:44:48Z,981593,d39896f013c,4.31
2023-03-02T15:44:49Z,982753,d39896f013c,4.31
2023-03-02T15:44:50Z,983912,d39896f013c,4.31
2023-03-02T15:44:51Z,985072,d39896f013c,4.31
2023-03-02T15:44:53Z,986245,d39896f013c,4.38
2023-03-02T15:44:54Z,987411,d39896f013c,4.38
2023-03-02T15:44:55Z,988577,d39896f013c,4.38
2023-03-02T15:44:56Z,989744,d39896f013c,4.38
2023-03-02T15:44:57Z,990916,d39896f013c,4.44
2023-03-02T15:44:58Z,992081,d39896f013c,4.38
2023-03-02T15:45:00Z,993249,d39896f013c,4.44
2023-03-02T15:45:01Z,994415,d39896f013c,4.44
2023-03-02T15:45:02Z,995581,d39896f013c,4.44
2023-03-02T15:45:03Z,996748,d39896f013c,4.44
2023-03-02T15:45:04Z,997917,d39896f013c,4.5
2023-03-02T15:45:05Z,999085,d39896f013c,4.44
2023-03-02T15:45:07Z,1000252,d39896f013c,4.5
2023-03-02T15:45:08Z,1001418,d39896f013c,4.5
2023-03-02T15:45:09Z,1002586,d39896f013c,4.5
2023-03-02T15:45:10Z,1003752,d39896f013c,4.56
2023-03-02T15:45:11Z,1004919,d39896f013c,4.56
2023-03-02T15:45:12Z,1006087,d39896f013c,4.56
2023-03-02T15:45:14Z,1007253,d39896f013c,4.56
2023-03-02T15:45:15Z,1008420,d39896f013c,4.56
2023-03-02T15:45:16Z,1009591,d39896f013c,4.63
2023-03-02T15:45:17Z,1010757,d39896f013c,4.63
2023-03-02T15:45:18Z,1011924,d39896f013c,4.63
2023-03-02T15:45:19Z,1013091,d39896f013c,4.63
2023-03-02T15:45:21Z,1014258,d39896f013c,4.63
2023-03-02T15:45:22Z,1015425,d39896f013c,4.63
2023-03-02T15:45:23Z,1016592,d39896f013c,4.69
2023-03-02T15:45:24Z,1017758,d39896f013c,4.69
2023-03-02T15:45:25Z,1018926,d39896f013c,4.69
2023-03-02T15:45:26Z,1020098,d39896f013c,4.69
2023-03-02T15:45:28Z,1021268,d39896f013c,4.69
2023-03-02T15:45:29Z,1022435,d39896f013c,4.75
2023-03-02T15:45:30Z,1023602,d39896f013c,4.69
2023-03-02T15:45:31Z,1024770,d39896f013c,4.75
2023-03-02T15:45:32Z,1025936,d39896f013c,4.75
2023-03-02T15:45:33Z,1027103,d39896f013c,4.81
2023-03-02T15:45:35Z,1028271,d39896f013c,4.75
2023-03-02T15:45:36Z,1029437,d39896f013c,4.81
2023-03-02T15:45:37Z,1030604,d39896f013c,4.81
2023-03-02T15:45:38Z,1031771,d39896f013c,4.81
2023-03-02T15:45:39Z,1032941,d39896f013c,4.88
2023-03-02T15:45:40Z,1034108,d39896f013c,4.81
2023-03-02T15:45:42Z,1035275,d39896f013c,4.88
2023-03-02T15:45:43Z,1036442,d39896f013c,4.88
2023-03-02T15:45:44Z,1037609,d39896f013c,4.88
2023-03-02T15:45:45Z,1038776,d39896f013c,4.94
2023-03-02T15:45:46Z,1039943,d39896f013c,4.94
2023-03-02T15:45:47Z,1041110,d39896f013c,4.94
2023-03-02T15:45:49Z,1042277,d39896f013c,4.94
2023-03-02T15:45:50Z,1043443,d39896f013c,4.94
2023-03-02T15:45:51Z,1044614,d39896f013c,5
2023-03-02T15:45:52Z,1045780,d39896f013c,5
2023-03-02T15:45:53Z,1046947,d39896f013c,5
2023-03-02T15:45:54Z,1048120,d39896f013c,5
2023-03-02T15:45:56Z,1049287,d39896f013c,5.06
2023-03-02T15:45:57Z,1050454,d39896f013c,5.06
2023-03-02T15:45:58Z,1051621,d39896f013c,5.13
2023-03-02T15:45:59Z,1052788,d39896f013c,5.13
2023-03-02T15:46:00Z,1053955,d39896f013c,5.06
2023-03-02T15:46:01Z,1055122,d39896f013c,5.06
2023-03-02T15:46:03Z,1056292,d39896f013c,5.13
2023-03-02T15:46:04Z,1057459,d39896f013c,5.13
2023-03-02T15:46:05Z,1058626,d39896f013c,5.13
2023-03-02T15:46:06Z,1059793,d39896f013c,5.13
2023-03-02T15:46:07Z,1060960,d39896f013c,5.13
2023-03-02T15:46:08Z,1062127,d39896f013c,5.13
2023-03-02T15:46:10Z,1063294,d39896f013c,5.13
2023-03-02T15:46:11Z,1064461,d39896f013c,5.25
2023-03-02T15:46:12Z,1065628,d39896f013c,5.19
2023-03-02T15:46:13Z,1066798,d39896f013c,5.25
2023-03-02T15:46:14Z,1067964,d39896f013c,5.25
2023-03-02T15:46:15Z,1069130,d39896f013c,5.25
2023-03-02T15:46:17Z,1070297,d39896f013c,5.31
2023-03-02T15:46:18Z,1071463,d39896f013c,5.25
2023-03-02T15:46:19Z,1072629,d39896f013c,5.31
2023-03-02T15:46:20Z,1073796,d39896f013c,5.19
2023-03-02T15:46:21Z,1074962,d39896f013c,5.25
2023-03-02T15:46:22Z,1076128,d39896f013c,5.31
2023-03-02T15:46:24Z,1077300,d39896f013c,5.38
2023-03-02T15:46:25Z,1078479,d39896f013c,5.38
2023-03-02T15:46:26Z,1079648,d39896f013c,5.44
2023-03-02T15:46:27Z,1080816,d39896f013c,5.38
2023-03-02T15:46:28Z,1081986,d39896f013c,5.44
2023-03-02T15:46:30Z,1083154,d39896f013c,5.44
2023-03-02T15:46:31Z,1084322,d39896f013c,5.44
2023-03-02T15:46:32Z,1085491,d39896f013c,5.44
2023-03-02T15:46:33Z,1086659,d39896f013c,5.44
2023-03-02T15:46:34Z,1087827,d39896f013c,5.5
2023-03-02T15:46:35Z,1088996,d39896f013c,5.5
2023-03-02T15:46:37Z,1090168,d39896f013c,5.5
2023-03-02T15:46:38Z,1091337,d39896f013c,5.56
2023-03-02T15:46:39Z,1092506,d39896f013c,5.56
2023-03-02T15:46:40Z,1093676,d39896f013c,5.56
2023-03-02T15:46:41Z,1094844,d39896f013c,5.5
2023-03-02T15:46:42Z,1096013,d39896f013c,5.56
2023-03-02T15:46:44Z,1097182,d39896f013c,5.56
2023-03-02T15:46:45Z,1098351,d39896f013c,5.56
2023-03-02T15:46:46Z,1099520,d39896f013c,5.63
2023-03-02T15:46:47Z,1100689,d39896f013c,5.63
2023-03-02T15:46:48Z,1101861,d39896f013c,5.63
2023-03-02T15:46:49Z,1103031,d39896f013c,5.63
2023-03-02T15:46:51Z,1104199,d39896f013c,5.63
2023-03-02T15:46:52Z,1105374,d39896f013c,5.69
2023-03-02T15:46:53Z,1106543,d39896f013c,5.69
2023-03-02T15:46:54Z,1107712,d39896f013c,5.69
2023-03-02T15:46:55Z,1108881,d39896f013c,5.69
2023-03-02T15:46:56Z,1110050,d39896f013c,5.69
2023-03-02T15:46:58Z,1111220,d39896f013c,5.69
2023-03-02T15:46:59Z,1112389,d39896f013c,5.75
2023-03-02T15:47:00Z,1113562,d39896f013c,5.69
2023-03-02T15:47:01Z,1114730,d39896f013c,5.75
2023-03-02T15:47:02Z,1115899,d39896f013c,5.75
2023-03-02T15:47:03Z,1117069,d39896f013c,5.75
2023-03-02T15:47:05Z,1118237,d39896f013c,5.75
2023-03-02T15:47:06Z,1119407,d39896f013c,5.81
2023-03-02T15:47:07Z,1120575,d39896f013c,5.81
2023-03-02T15:47:08Z,1121744,d39896f013c,5.88
2023-03-02T15:47:09Z,1122914,d39896f013c,5.88
2023-03-02T15:47:10Z,1124082,d39896f013c,5.88
2023-03-02T15:47:12Z,1125250,d39896f013c,5.88
2023-03-02T15:47:13Z,1126418,d39896f013c,5.88
2023-03-02T15:47:14Z,1127587,d39896f013c,5.94
2023-03-02T15:47:15Z,1128756,d39896f013c,5.94
2023-03-02T15:47:16Z,1129925,d39896f013c,5.94
2023-03-02T15:47:17Z,1131095,d39896f013c,5.94
2023-03-02T15:47:19Z,1132263,d39896f013c,6
2023-03-02T15:47:20Z,1133432,d39896f013c,6
2023-03-02T15:47:21Z,1134607,d39896f013c,6
2023-03-02T15:47:22Z,1135779,d39896f013c,6
2023-03-02T15:47:23Z,1136948,d39896f013c,6.06
2023-03-02T15:47:25Z,1138117,d39896f013c,6.13
2023-03-02T15:47:26Z,1139287,d39896f013c,6.06
2023-03-02T15:47:27Z,1140456,d39896f013c,6.06
2023-03-02T15:47:28Z,1141624,d39896f013c,6.13
2023-03-02T15:47:29Z,1142794,d39896f013c,6.13
2023-03-02T15:47:30Z,1143963,d39896f013c,6.13
2023-03-02T15:47:32Z,1145132,d39896f013c,6.19
2023-03-02T15:47:33Z,1146301,d39896f013c,6.19
2023-03-02T15:47:34Z,1147473,d39896f013c,6.19
2023-03-02T15:47:35Z,1148643,d39896f013c,6.19
2023-03-02T15:47:36Z,1149811,d39896f013c,6.19
2023-03-02T15:47:37Z,1150981,d39896f013c,6.19
2023-03-02T15:47:39Z,1152150,d39896f013c,6.19
2023-03-02T15:47:40Z,1153318,d39896f013c,6.25
2023-03-02T15:47:41Z,1154488,d39896f013c,6.25
2023-03-02T15:47:42Z,1155656,d39896f013c,6.25
2023-03-02T15:47:43Z,1156826,d39896f013c,6.31
2023-03-02T15:47:44Z,1157994,d39896f013c,6.31
2023-03-02T15:47:46Z,1159166,d39896f013c,6.25
2023-03-02T15:47:47Z,1160335,d39896f013c,6.38
2023-03-02T15:47:48Z,1161503,d39896f013c,6.38
2023-03-02T15:47:49Z,1162673,d39896f013c,6.31
2023-03-02T15:47:50Z,1163845,d39896f013c,6.38
2023-03-02T15:47:51Z,1165014,d39896f013c,6.38
2023-03-02T15:47:53Z,1166183,d39896f013c,6.38
2023-03-02T15:47:54Z,1167351,d39896f013c,6.38
2023-03-02T15:47:55Z,1168520,d39896f013c,6.44
2023-03-02T15:47:56Z,1169688,d39896f013c,6.44
2023-03-02T15:47:57Z,1170867,d39896f013c,6.44
2023-03-02T15:47:58Z,1172028,d39896f013c,6.44
2023-03-02T15:48:00Z,1173188,d39896f013c,6.5
2023-03-02T15:48:01Z,1174348,d39896f013c,6.5
2023-03-02T15:48:02Z,1175510,d39896f013c,6.5
2023-03-02T15:48:03Z,1176670,d39896f013c,6.56
2023-03-02T15:48:04Z,1177830,d39896f013c,6.56
2023-03-02T15:48:05Z,1178990,d39896f013c,6.56
2023-03-02T15:48:07Z,1180150,d39896f013c,6.63
2023-03-02T15:48:08Z,1181310,d39896f013c,6.56
2023-03-02T15:48:09Z,1182475,d39896f013c,6.56
2023-03-02T15:48:10Z,1183635,d39896f013c,6.63
2023-03-02T15:48:11Z,1184796,d39896f013c,6.63
2023-03-02T15:48:12Z,1185957,d39896f013c,6.63
2023-03-02T15:48:14Z,1187119,d39896f013c,6.63
2023-03-02T15:48:15Z,1188279,d39896f013c,6.63
2023-03-02T15:48:16Z,1189440,d39896f013c,6.63
2023-03-02T15:48:17Z,1190601,d39896f013c,6.63
2023-03-02T15:48:18Z,1191768,d39896f013c,6.69
2023-03-02T15:48:19Z,1192929,d39896f013c,6.69
2023-03-02T15:48:21Z,1194092,d39896f013c,6.75
2023-03-02T15:48:22Z,1195253,d39896f013c,6.75
2023-03-02T15:48:23Z,1196414,d39896f013c,6.75
2023-03-02T15:48:24Z,1197576,d39896f013c,6.75
2023-03-02T15:48:25Z,1198737,d39896f013c,6.75
2023-03-02T15:48:26Z,1199898,d39896f013c,6.75
2023-03-02T15:48:27Z,1201058,d39896f013c,6.75
2023-03-02T15:48:29Z,1202220,d39896f013c,6.81
2023-03-02T15:48:30Z,1203381,d39896f013c,6.81
2023-03-02T15:48:31Z,1204542,d39896f013c,6.81
2023-03-02T15:48:32Z,1205705,d39896f013c,6.88
2023-03-02T15:48:33Z,1206866,d39896f013c,6.88
2023-03-02T15:48:34Z,1208028,d39896f013c,6.88
2023-03-02T15:48:36Z,1209188,d39896f013c,6.88
2023-03-02T15:48:37Z,1210349,d39896f013c,6.94
2023-03-02T15:48:38Z,1211510,d39896f013c,6.94
2023-03-02T15:48:39Z,1212672,d39896f013c,6.94
2023-03-02T15:48:40Z,1213832,d39896f013c,7
2023-03-02T15:48:41Z,1214993,d39896f013c,7
2023-03-02T15:48:43Z,1216157,d39896f013c,7
2023-03-02T15:48:44Z,1217317,d39896f013c,7.06
2023-03-02T15:48:45Z,1218479,d39896f013c,7.06
2023-03-02T15:48:46Z,1219640,d39896f013c,7.06
2023-03-02T15:48:47Z,1220806,d39896f013c,7.13
2023-03-02T15:48:48Z,1221967,d39896f013c,7.13
2023-03-02T15:48:50Z,1223129,d39896f013c,7.13
2023-03-02T15:48:51Z,1224289,d39896f013c,7.13
2023-03-02T15:48:52Z,1225450,d39896f013c,7.19
2023-03-02T15:48:53Z,1226611,d39896f013c,7.19
2023-03-02T15:48:54Z,1227776,d39896f013c,7.19
2023-03-02T15:48:55Z,1228937,d39896f013c,7.25
2023-03-02T15:48:57Z,1230097,d39896f013c,7.19
2023-03-02T15:48:58Z,1231258,d39896f013c,7.25
2023-03-02T15:48:59Z,1232419,d39896f013c,7.25
2023-03-02T15:49:00Z,1233581,d39896f013c,7.25
2023-03-02T15:49:01Z,1234741,d39896f013c,7.31
2023-03-02T15:49:02Z,1235902,d39896f013c,7.31
2023-03-02T15:49:04Z,1237063,d39896f013c,7.31
2023-03-02T15:49:05Z,1238224,d39896f013c,7.25
2023-03-02T15:49:06Z,1239388,d39896f013c,7.31
2023-03-02T15:49:07Z,1240549,d39896f013c,7.31
2023-03-02T15:49:08Z,1241710,d39896f013c,7.38
2023-03-02T15:49:09Z,1242870,d39896f013c,7.38
2023-03-02T15:49:10Z,1244032,d39896f013c,7.38
2023-03-02T15:49:12Z,1245193,d39896f013c,7.38
2023-03-02T15:49:13Z,1246353,d39896f013c,7.38
2023-03-02T15:49:14Z,1247514,d39896f013c,7.38
2023-03-02T15:49:15Z,1248680,d39896f013c,7.44
2023-03-02T15:49:16Z,1249842,d39896f013c,7.38
2023-03-02T15:49:17Z,1251005,d39896f013c,7.44
2023-03-02T15:49:19Z,1252166,d39896f013c,7.5
2023-03-02T15:49:20Z,1253326,d39896f013c,7.44
2023-03-02T15:49:21Z,1254487,d39896f013c,7.5
2023-03-02T15:49:22Z,1255648,d39896f013c,7.5
2023-03-02T15:49:23Z,1256808,d39896f013c,7.5
2023-03-02T15:49:24Z,1257968,d39896f013c,7.56
2023-03-02T15:49:26Z,1259129,d39896f013c,7.56
2023-03-02T15:49:27Z,1260290,d39896f013c,7.56
2023-03-02T15:49:28Z,1261450,d39896f013c,7.56
2023-03-02T15:49:29Z,1262626,d39896f013c,7.63
2023-03-02T15:49:30Z,1263793,d39896f013c,7.63
2023-03-02T15:49:31Z,1264960,d39896f013c,7.63
2023-03-02T15:49:33Z,1266126,d39896f013c,7.63
2023-03-02T15:49:34Z,1267293,d39896f013c,7.69
2023-03-02T15:49:35Z,1268460,d39896f013c,7.69
2023-03-02T15:49:36Z,1269626,d39896f013c,7.75
2023-03-02T15:49:37Z,1270793,d39896f013c,7.75
2023-03-02T15:49:38Z,1271960,d39896f013c,7.81
2023-03-02T15:49:40Z,1273126,d39896f013c,7.75
2023-03-02T15:49:41Z,1274292,d39896f013c,7.81
2023-03-02T15:49:42Z,1275458,d39896f013c,7.88
2023-03-02T15:49:43Z,1276625,d39896f013c,7.88
2023-03-02T15:49:44Z,1277799,d39896f013c,7.88
2023-03-02T15:49:45Z,1278965,d39896f013c,7.88
2023-03-02T15:49:47Z,1280134,d39896f013c,7.94
2023-03-02T15:49:48Z,1281301,d39896f013c,7.88
2023-03-02T15:49:49Z,1282468,d39896f013c,7.94
2023-03-02T15:49:50Z,1283636,d39896f013c,8
2023-03-02T15:49:51Z,1284806,d39896f013c,7.94
2023-03-02T15:49:52Z,1285974,d39896f013c,7.94
2023-03-02T15:49:54Z,1287141,d39896f013c,7.94
2023-03-02T15:49:55Z,1288308,d39896f013c,8
2023-03-02T15:49:56Z,1289476,d39896f013c,8
2023-03-02T15:49:57Z,1290643,d39896f013c,8
2023-03-02T15:49:58Z,1291810,d39896f013c,8
2023-03-02T15:49:59Z,1292977,d39896f013c,8
2023-03-02T15:50:01Z,1294144,d39896f013c,8
2023-03-02T15:50:02Z,1295311,d39896f013c,8
2023-03-02T15:50:03Z,1296482,d39896f013c,8.06
2023-03-02T15:50:04Z,1297649,d39896f013c,8.06
2023-03-02T15:50:05Z,1298817,d39896f013c,8.06
2023-03-02T15:50:06Z,1299984,d39896f013c,8.06
2023-03-02T15:50:08Z,1301151,d39896f013c,8.06
2023-03-02T15:50:09Z,1302318,d39896f013c,8.13
2023-03-02T15:50:10Z,1303485,d39896f013c,8.13
2023-03-02T15:50:11Z,1304652,d39896f013c,8.13
2023-03-02T15:50:12Z,1305825,d39896f013c,8.19
2023-03-02T15:50:13Z,1306992,d39896f013c,8.19
2023-03-02T15:50:15Z,1308164,d39896f013c,8.19
2023-03-02T15:50:16Z,1309331,d39896f013c,8.25
2023-03-02T15:50:17Z,1310498,d39896f013c,8.25
2023-03-02T15:50:18Z,1311666,d39896f013c,8.25
2023-03-02T15:50:19Z,1312833,d39896f013c,8.25
2023-03-02T15:50:21Z,1314000,d39896f013c,8.31
2023-03-02T15:50:22Z,1315168,d39896f013c,8.31
2023-03-02T15:50:23Z,1316335,d39896f013c,8.31
2023-03-02T15:50:24Z,1317502,d39896f013c,8.38
2023-03-02T15:50:25Z,1318670,d39896f013c,8.38
2023-03-02T15:50:26Z,1319840,d39896f013c,8.38
2023-03-02T15:50:28Z,1321008,d39896f013c,8.38
2023-03-02T15:50:29Z,1322175,d39896f013c,8.44
2023-03-02T15:50:30Z,1323341,d39896f013c,8.44
2023-03-02T15:50:31Z,1324509,d39896f013c,8.44
2023-03-02T15:50:32Z,1325676,d39896f013c,8.5
2023-03-02T15:50:33Z,1326843,d39896f013c,8.44
2023-03-02T15:50:35Z,1328011,d39896f013c,8.5
2023-03-02T15:50:36Z,1329178,d39896f013c,8.5
2023-03-02T15:50:37Z,1330344,d39896f013c,8.56
2023-03-02T15:50:38Z,1331516,d39896f013c,8.56
2023-03-02T15:50:39Z,1332682,d39896f013c,8.56
2023-03-02T15:50:40Z,1333850,d39896f013c,8.56
2023-03-02T15:50:42Z,1335023,d39896f013c,8.63
2023-03-02T15:50:43Z,1336189,d39896f013c,8.63
2023-03-02T15:50:44Z,1337358,d39896f013c,8.63
2023-03-02T15:50:45Z,1338525,d39896f013c,8.63
2023-03-02T15:50:46Z,1339693,d39896f013c,8.63
2023-03-02T15:50:47Z,1340860,d39896f013c,8.63
2023-03-02T15:50:49Z,1342027,d39896f013c,8.63
2023-03-02T15:50:50Z,1343197,d39896f013c,8.63
2023-03-02T15:50:51Z,1344364,d39896f013c,8.63
2023-03-02T15:50:52Z,1345530,d39896f013c,8.63
2023-03-02T15:50:53Z,1346698,d39896f013c,8.69
2023-03-02T15:50:54Z,1347864,d39896f013c,8.69
2023-03-02T15:50:56Z,1349030,d39896f013c,8.69
2023-03-02T15:50:57Z,1350198,d39896f013c,8.69
2023-03-02T15:50:58Z,1351364,d39896f013c,8.69
2023-03-02T15:50:59Z,1352530,d39896f013c,8.69
2023-03-02T15:51:00Z,1353698,d39896f013c,8.75
2023-03-02T15:51:01Z,1354878,d39896f013c,8.69
2023-03-02T15:51:03Z,1356047,d39896f013c,8.75
2023-03-02T15:51:04Z,1357215,d39896f013c,8.75
2023-03-02T15:51:05Z,1358385,d39896f013c,8.81
2023-03-02T15:51:06Z,1359553,d39896f013c,8.88
2023-03-02T15:51:07Z,1360721,d39896f013c,8.88
2023-03-02T15:51:08Z,1361891,d39896f013c,8.81
2023-03-02T15:51:10Z,1363059,d39896f013c,8.88
2023-03-02T15:51:11Z,1364234,d39896f013c,8.94
2023-03-02T15:51:12Z,1365406,d39896f013c,8.94
2023-03-02T15:51:13Z,1366576,d39896f013c,8.94
2023-03-02T15:51:14Z,1367745,d39896f013c,9
2023-03-02T15:51:15Z,1368914,d39896f013c,9
2023-03-02T15:51:17Z,1370084,d39896f013c,9
2023-03-02T15:51:18Z,1371253,d39896f013c,9
2023-03-02T15:51:19Z,1372423,d39896f013c,9.06
2023-03-02T15:51:20Z,1373592,d39896f013c,9.06
2023-03-02T15:51:21Z,1374761,d39896f013c,9.06
2023-03-02T15:51:22Z,1375931,d39896f013c,9.06
2023-03-02T15:51:24Z,1377103,d39896f013c,9.06
2023-03-02T15:51:25Z,1378273,d39896f013c,9.13
2023-03-02T15:51:26Z,1379442,d39896f013c,9.13
2023-03-02T15:51:27Z,1380612,d39896f013c,9.19
2023-03-02T15:51:28Z,1381781,d39896f013c,9.13
2023-03-02T15:51:30Z,1382950,d39896f013c,9.13
2023-03-02T15:51:31Z,1384120,d39896f013c,9.19
2023-03-02T15:51:32Z,1385288,d39896f013c,9.19
2023-03-02T15:51:33Z,1386458,d39896f013c,9.19
2023-03-02T15:51:34Z,1387627,d39896f013c,9.19
2023-03-02T15:51:35Z,1388801,d39896f013c,9.19
2023-03-02T15:51:37Z,1389969,d39896f013c,9.25
2023-03-02T15:51:38Z,1391138,d39896f013c,9.25
2023-03-02T15:51:39Z,1392314,d39896f013c,9.25
2023-03-02T15:51:40Z,1393482,d39896f013c,9.31
2023-03-02T15:51:41Z,1394653,d39896f013c,9.31
2023-03-02T15:51:42Z,1395822,d39896f013c,9.31
2023-03-02T15:51:44Z,1396992,d39896f013c,9.31
2023-03-02T15:51:45Z,1398161,d39896f013c,9.38
2023-03-02T15:51:46Z,1399330,d39896f013c,9.38
2023-03-02T15:51:47Z,1400503,d39896f013c,9.38
2023-03-02T15:51:48Z,1401672,d39896f013c,9.31
2023-03-02T15:51:49Z,1402842,d39896f013c,9.38
2023-03-02T15:51:51Z,1404011,d39896f013c,9.38
2023-03-02T15:51:52Z,1405180,d39896f013c,9.38
2023-03-02T15:51:53Z,1406350,d39896f013c,9.38
2023-03-02T15:51:54Z,1407519,d39896f013c,9.44
2023-03-02T15:51:55Z,1408689,d39896f013c,9.44
2023-03-02T15:51:56Z,1409858,d39896f013c,9.44
2023-03-02T15:51:58Z,1411027,d39896f013c,9.44
2023-03-02T15:51:59Z,1412200,d39896f013c,9.5
2023-03-02T15:52:00Z,1413369,d39896f013c,9.5
2023-03-02T15:52:01Z,1414539,d39896f013c,9.56
2023-03-02T15:52:02Z,1415708,d39896f013c,9.5
2023-03-02T15:52:03Z,1416878,d39896f013c,9.56
2023-03-02T15:52:05Z,1418047,d39896f013c,9.56
2023-03-02T15:52:06Z,1419215,d39896f013c,9.56
2023-03-02T15:52:07Z,1420386,d39896f013c,9.63
2023-03-02T15:52:08Z,1421560,d39896f013c,9.63
2023-03-02T15:52:09Z,1422730,d39896f013c,9.63
2023-03-02T15:52:10Z,1423897,d39896f013c,9.69
2023-03-02T15:52:12Z,1425067,d39896f013c,9.69
2023-03-02T15:52:13Z,1426236,d39896f013c,9.69
2023-03-02T15:52:14Z,1427405,d39896f013c,9.69
2023-03-02T15:52:15Z,1428575,d39896f013c,9.75
2023-03-02T15:52:16Z,1429744,d39896f013c,9.69
2023-03-02T15:52:17Z,1430914,d39896f013c,9.75
2023-03-02T15:52:19Z,1432083,d39896f013c,9.81
2023-03-02T15:52:20Z,1433252,d39896f013c,9.81
2023-03-02T15:52:21Z,1434425,d39896f013c,9.81
2023-03-02T15:52:22Z,1435594,d39896f013c,9.81
2023-03-02T15:52:23Z,1436763,d39896f013c,9.81
2023-03-02T15:52:25Z,1437931,d39896f013c,9.88
2023-03-02T15:52:26Z,1439100,d39896f013c,9.88
2023-03-02T15:52:27Z,1440269,d39896f013c,9.94
2023-03-02T15:52:28Z,1441437,d39896f013c,9.88
2023-03-02T15:52:29Z,1442607,d39896f013c,9.94
2023-03-02T15:52:30Z,1443775,d39896f013c,9.94
2023-03-02T15:52:32Z,1444943,d39896f013c,10
2023-03-02T15:52:33Z,1446124,d39896f013c,9.94
2023-03-02T15:52:34Z,1447284,d39896f013c,10
2023-03-02T15:52:35Z,1448445,d39896f013c,10
2023-03-02T15:52:36Z,1449612,d39896f013c,10
2023-03-02T15:52:37Z,1450772,d39896f013c,10
2023-03-02T15:52:39Z,1451933,d39896f013c,10
2023-03-02T15:52:40Z,1453094,d39896f013c,10
2023-03-02T15:52:41Z,1454255,d39896f013c,10.06
2023-03-02T15:52:42Z,1455416,d39896f013c,10.06
2023-03-02T15:52:43Z,1456577,d39896f013c,10.06
2023-03-02T15:52:44Z,1457740,d39896f013c,10.06
2023-03-02T15:52:46Z,1458903,d39896f013c,10.06
2023-03-02T15:52:47Z,1460064,d39896f013c,10.06
2023-03-02T15:52:48Z,1461225,d39896f013c,10.13
2023-03-02T15:52:49Z,1462386,d39896f013c,10
2023-03-02T15:52:50Z,1463547,d39896f013c,10.13
2023-03-02T15:52:51Z,1464710,d39896f013c,10.13
2023-03-02T15:52:52Z,1465871,d39896f013c,10.13
2023-03-02T15:52:54Z,1467032,d39896f013c,10.19
2023-03-02T15:52:55Z,1468193,d39896f013c,10.19
2023-03-02T15:52:56Z,1469358,d39896f013c,10.19
2023-03-02T15:52:57Z,1470519,d39896f013c,10.19
2023-03-02T15:52:58Z,1471680,d39896f013c,10.19
2023-03-02T15:52:59Z,1472841,d39896f013c,10.25
2023-03-02T15:53:01Z,1474002,d39896f013c,10.25
2023-03-02T15:53:02Z,1475164,d39896f013c,10.25
2023-03-02T15:53:03Z,1476325,d39896f013c,10.25
2023-03-02T15:53:04Z,1477486,d39896f013c,10.25
2023-03-02T15:53:05Z,1478653,d39896f013c,10.31
2023-03-02T15:53:06Z,1479818,d39896f013c,10.31
2023-03-02T15:53:08Z,1480979,d39896f013c,10.31
2023-03-02T15:53:09Z,1482141,d39896f013c,10.31
2023-03-02T15:53:10Z,1483302,d39896f013c,10.38
2023-03-02T15:53:11Z,1484464,d39896f013c,10.25
2023-03-02T15:53:12Z,1485625,d39896f013c,10.44
2023-03-02T15:53:13Z,1486787,d39896f013c,10.44
2023-03-02T15:53:15Z,1487948,d39896f013c,10.44
2023-03-02T15:53:16Z,1489110,d39896f013c,10.44
2023-03-02T15:53:17Z,1490271,d39896f013c,10.5
2023-03-02T15:53:18Z,1491435,d39896f013c,10.5
2023-03-02T15:53:19Z,1492596,d39896f013c,10.5
2023-03-02T15:53:20Z,1493757,d39896f013c,10.5
2023-03-02T15:53:22Z,1494919,d39896f013c,10.5
2023-03-02T15:53:23Z,1496080,d39896f013c,10.56
2023-03-02T15:53:24Z,1497242,d39896f013c,10.56
2023-03-02T15:53:25Z,1498403,d39896f013c,10.56
2023-03-02T15:53:26Z,1499565,d39896f013c,10.63
2023-03-02T15:53:27Z,1500726,d39896f013c,10.56
2023-03-02T15:53:29Z,1501887,d39896f013c,10.56
2023-03-02T15:53:30Z,1503046,d39896f013c,10.63
2023-03-02T15:53:31Z,1504207,d39896f013c,10.63
2023-03-02T15:53:32Z,1505369,d39896f013c,10.63
2023-03-02T15:53:33Z,1506531,d39896f013c,10.69
2023-03-02T15:53:34Z,1507697,d39896f013c,10.63
2023-03-02T15:53:35Z,1508858,d39896f013c,10.63
2023-03-02T15:53:37Z,1510020,d39896f013c,10.63
2023-03-02T15:53:38Z,1511181,d39896f013c,10.63
2023-03-02T15:53:39Z,1512343,d39896f013c,10.63
2023-03-02T15:53:40Z,1513507,d39896f013c,10.63
2023-03-02T15:53:41Z,1514669,d39896f013c,10.63
2023-03-02T15:53:42Z,1515830,d39896f013c,10.63
2023-03-02T15:53:44Z,1516991,d39896f013c,10.69
2023-03-02T15:53:45Z,1518152,d39896f013c,10.69
2023-03-02T15:53:46Z,1519313,d39896f013c,10.69
2023-03-02T15:53:47Z,1520475,d39896f013c,10.69
2023-03-02T15:53:48Z,1521636,d39896f013c,10.69
2023-03-02T15:53:49Z,1522798,d39896f013c,10.75
2023-03-02T15:53:51Z,1523959,d39896f013c,10.75
2023-03-02T15:53:52Z,1525123,d39896f013c,10.69
2023-03-02T15:53:53Z,1526284,d39896f013c,10.75
2023-03-02T15:53:54Z,1527444,d39896f013c,10.75
2023-03-02T15:53:55Z,1528605,d39896f013c,10.81
2023-03-02T15:53:56Z,1529766,d39896f013c,10.75
2023-03-02T15:53:58Z,1530927,d39896f013c,10.81
2023-03-02T15:53:59Z,1532088,d39896f013c,10.81
2023-03-02T15:54:00Z,1533248,d39896f013c,10.81
2023-03-02T15:54:01Z,1534409,d39896f013c,10.81
2023-03-02T15:54:02Z,1535576,d39896f013c,10.81
2023-03-02T15:54:03Z,1536753,d39896f013c,10.88
2023-03-02T15:54:05Z,1537921,d39896f013c,10.94
2023-03-02T15:54:06Z,1539088,d39896f013c,10.94
2023-03-02T15:54:07Z,1540255,d39896f013c,10.94
2023-03-02T15:54:08Z,1541422,d39896f013c,11
2023-03-02T15:54:09Z,1542589,d39896f013c,11.06
2023-03-02T15:54:10Z,1543756,d39896f013c,11.06
2023-03-02T15:54:12Z,1544924,d39896f013c,11
2023-03-02T15:54:13Z,1546091,d39896f013c,11.06
2023-03-02T15:54:14Z,1547261,d39896f013c,11.06
2023-03-02T15:54:15Z,1548429,d39896f013c,11.13
2023-03-02T15:54:16Z,1549596,d39896f013c,11.13
2023-03-02T15:54:17Z,1550764,d39896f013c,11.13
2023-03-02T15:54:19Z,1551932,d39896f013c,11.13
2023-03-02T15:54:20Z,1553099,d39896f013c,11.13
2023-03-02T15:54:21Z,1554267,d39896f013c,11.13
2023-03-02T15:54:22Z,1555434,d39896f013c,11.13
2023-03-02T15:54:23Z,1556602,d39896f013c,11.19
2023-03-02T15:54:24Z,1557770,d39896f013c,11.19
2023-03-02T15:54:26Z,1558940,d39896f013c,11.19
2023-03-02T15:54:27Z,1560109,d39896f013c,11.19
2023-03-02T15:54:28Z,1561276,d39896f013c,11.13
2023-03-02T15:54:29Z,1562443,d39896f013c,11.19
2023-03-02T15:54:30Z,1563612,d39896f013c,11.19
2023-03-02T15:54:31Z,1564784,d39896f013c,11.19
2023-03-02T15:54:33Z,1565952,d39896f013c,11.25
2023-03-02T15:54:34Z,1567120,d39896f013c,11.25
2023-03-02T15:54:35Z,1568287,d39896f013c,11.25
2023-03-02T15:54:36Z,1569455,d39896f013c,11.25
2023-03-02T15:54:37Z,1570626,d39896f013c,11.31
2023-03-02T15:54:38Z,1571793,d39896f013c,11.31
2023-03-02T15:54:40Z,1572962,d39896f013c,11.38
2023-03-02T15:54:41Z,1574129,d39896f013c,11.38
2023-03-02T15:54:42Z,1575297,d39896f013c,11.38
2023-03-02T15:54:43Z,1576465,d39896f013c,11.38
2023-03-02T15:54:44Z,1577632,d39896f013c,11.44
2023-03-02T15:54:45Z,1578800,d39896f013c,11.38
2023-03-02T15:54:47Z,1579967,d39896f013c,11.44
2023-03-02T15:54:48Z,1581138,d39896f013c,11.44
2023-03-02T15:54:49Z,1582306,d39896f013c,11.44
2023-03-02T15:54:50Z,1583473,d39896f013c,11.5
2023-03-02T15:54:51Z,1584642,d39896f013c,11.56
2023-03-02T15:54:52Z,1585809,d39896f013c,11.56
2023-03-02T15:54:54Z,1586976,d39896f013c,11.56
2023-03-02T15:54:55Z,1588144,d39896f013c,11.63
2023-03-02T15:54:56Z,1589312,d39896f013c,11.63
2023-03-02T15:54:57Z,1590479,d39896f013c,11.63
2023-03-02T15:54:58Z,1591647,d39896f013c,11.63
2023-03-02T15:55:00Z,1592817,d39896f013c,11.63
2023-03-02T15:55:01Z,1593986,d39896f013c,11.69
2023-03-02T15:55:02Z,1595153,d39896f013c,11.69
2023-03-02T15:55:03Z,1596321,d39896f013c,11.69
2023-03-02T15:55:04Z,1597489,d39896f013c,11.75
2023-03-02T15:55:05Z,1598656,d39896f013c,11.75
2023-03-02T15:55:07Z,1599824,d39896f013c,11.75
2023-03-02T15:55:08Z,1600992,d39896f013c,11.75
2023-03-02T15:55:09Z,1602159,d39896f013c,11.75
2023-03-02T15:55:10Z,1603328,d39896f013c,11.75
2023-03-02T15:55:11Z,1604498,d39896f013c,11.81
2023-03-02T15:55:12Z,1605665,d39896f013c,11.81
2023-03-02T15:55:14Z,1606834,d39896f013c,11.81
2023-03-02T15:55:15Z,1608001,d39896f013c,11.81
2023-03-02T15:55:16Z,1609168,d39896f013c,11.88
2023-03-02T15:55:17Z,1610337,d39896f013c,11.88
2023-03-02T15:55:18Z,1611504,d39896f013c,11.88
2023-03-02T15:55:19Z,1612672,d39896f013c,11.88
2023-03-02T15:55:21Z,1613839,d39896f013c,11.88
2023-03-02T15:55:22Z,1615010,d39896f013c,11.88
2023-03-02T15:55:23Z,1616177,d39896f013c,11.88
2023-03-02T15:55:24Z,1617344,d39896f013c,11.88
2023-03-02T15:55:25Z,1618511,d39896f013c,11.88
2023-03-02T15:55:26Z,1619678,d39896f013c,11.88
2023-03-02T15:55:28Z,1620845,d39896f013c,11.94
2023-03-02T15:55:29Z,1622018,d39896f013c,11.94
2023-03-02T15:55:30Z,1623185,d39896f013c,11.94
2023-03-02T15:55:31Z,1624352,d39896f013c,11.94
2023-03-02T15:55:32Z,1625519,d39896f013c,11.94
2023-03-02T15:55:33Z,1626699,d39896f013c,12
2023-03-02T15:55:35Z,1627869,d39896f013c,12
2023-03-02T15:55:36Z,1629038,d39896f013c,12
2023-03-02T15:55:37Z,1630208,d39896f013c,11.94
2023-03-02T15:55:38Z,1631377,d39896f013c,12.06
2023-03-02T15:55:39Z,1632545,d39896f013c,12
2023-03-02T15:55:40Z,1633715,d39896f013c,12.06
2023-03-02T15:55:42Z,1634884,d39896f013c,12.06
2023-03-02T15:55:43Z,1636054,d39896f013c,12.06
2023-03-02T15:55:44Z,1637222,d39896f013c,12.06
2023-03-02T15:55:45Z,1638395,d39896f013c,12.13
2023-03-02T15:55:46Z,1639565,d39896f013c,12.19
2023-03-02T15:55:47Z,1640734,d39896f013c,12.13
2023-03-02T15:55:49Z,1641905,d39896f013c,12.19
2023-03-02T15:55:50Z,1643074,d39896f013c,12.19
2023-03-02T15:55:51Z,1644243,d39896f013c,12.19
2023-03-02T15:55:52Z,1645413,d39896f013c,12.25
2023-03-02T15:55:53Z,1646583,d39896f013c,12.25
2023-03-02T15:55:54Z,1647753,d39896f013c,12.25
2023-03-02T15:55:56Z,1648926,d39896f013c,12.31
2023-03-02T15:55:57Z,1650101,d39896f013c,12.31
2023-03-02T15:55:58Z,1651270,d39896f013c,12.31
2023-03-02T15:55:59Z,1652441,d39896f013c,12.38
2023-03-02T15:56:00Z,1653610,d39896f013c,12.31
2023-03-02T15:56:02Z,1654780,d39896f013c,12.38
2023-03-02T15:56:03Z,1655950,d39896f013c,12.38
2023-03-02T15:56:04Z,1657120,d39896f013c,12.44
2023-03-02T15:56:05Z,1658290,d39896f013c,12.44
2023-03-02T15:56:06Z,1659459,d39896f013c,12.44
2023-03-02T15:56:07Z,1660627,d39896f013c,12.44
2023-03-02T15:56:09Z,1661797,d39896f013c,12.5
2023-03-02T15:56:10Z,1662966,d39896f013c,12.5
2023-03-02T15:56:11Z,1664137,d39896f013c,12.5
2023-03-02T15:56:12Z,1665306,d39896f013c,12.5
2023-03-02T15:56:13Z,1666476,d39896f013c,12.56
2023-03-02T15:56:14Z,1667646,d39896f013c,12.5
2023-03-02T15:56:16Z,1668815,d39896f013c,12.56
2023-03-02T15:56:17Z,1669985,d39896f013c,12.56
2023-03-02T15:56:18Z,1671154,d39896f013c,12.56
2023-03-02T15:56:19Z,1672328,d39896f013c,12.56
2023-03-02T15:56:20Z,1673497,d39896f013c,12.56
2023-03-02T15:56:21Z,1674668,d39896f013c,12.63
2023-03-02T15:56:23Z,1675837,d39896f013c,12.63
2023-03-02T15:56:24Z,1677006,d39896f013c,12.69
2023-03-02T15:56:25Z,1678176,d39896f013c,12.69
2023-03-02T15:56:26Z,1679351,d39896f013c,12.69
2023-03-02T15:56:27Z,1680521,d39896f013c,12.69
2023-03-02T15:56:28Z,1681691,d39896f013c,12.75
2023-03-02T15:56:30Z,1682865,d39896f013c,12.69
2023-03-02T15:56:31Z,1684034,d39896f013c,12.75
2023-03-02T15:56:32Z,1685204,d39896f013c,12.75
2023-03-02T15:56:33Z,1686374,d39896f013c,12.75
2023-03-02T15:56:34Z,1687543,d39896f013c,12.81
2023-03-02T15:56:35Z,1688714,d39896f013c,12.81
2023-03-02T15:56:37Z,1689883,d39896f013c,12.88
2023-03-02T15:56:38Z,1691053,d39896f013c,12.81
2023-03-02T15:56:39Z,1692223,d39896f013c,12.81
2023-03-02T15:56:40Z,1693392,d39896f013c,12.88
2023-03-02T15:56:41Z,1694566,d39896f013c,12.81
2023-03-02T15:56:42Z,1695735,d39896f013c,12.88
2023-03-02T15:56:44Z,1696905,d39896f013c,12.88
2023-03-02T15:56:45Z,1698074,d39896f013c,12.88
2023-03-02T15:56:46Z,1699245,d39896f013c,12.88
2023-03-02T15:56:47Z,1700414,d39896f013c,12.94
2023-03-02T15:56:48Z,1701583,d39896f013c,12.94
2023-03-02T15:56:50Z,1702753,d39896f013c,12.94
2023-03-02T15:56:51Z,1703923,d39896f013c,13
2023-03-02T15:56:52Z,1705093,d39896f013c,13
2023-03-02T15:56:53Z,1706265,d39896f013c,13
2023-03-02T15:56:54Z,1707435,d39896f013c,13
2023-03-02T15:56:55Z,1708609,d39896f013c,13.06
2023-03-02T15:56:57Z,1709778,d39896f013c,13.06
2023-03-02T15:56:58Z,1710948,d39896f013c,13.06
2023-03-02T15:56:59Z,1712117,d39896f013c,13.06
2023-03-02T15:57:00Z,1713286,d39896f013c,13.13
2023-03-02T15:57:01Z,1714455,d39896f013c,13.13
2023-03-02T15:57:02Z,1715624,d39896f013c,13.19
2023-03-02T15:57:04Z,1716805,d39896f013c,13.13
2023-03-02T15:57:05Z,1717966,d39896f013c,13.19
2023-03-02T15:57:06Z,1719128,d39896f013c,13.19
2023-03-02T15:57:07Z,1720289,d39896f013c,13.19
2023-03-02T15:57:08Z,1721450,d39896f013c,13.19
2023-03-02T15:57:09Z,1722611,d39896f013c,13.19
2023-03-02T15:57:11Z,1723772,d39896f013c,13.19
2023-03-02T15:57:12Z,1724934,d39896f013c,13.19
2023-03-02T15:57:13Z,1726095,d39896f013c,13.25
2023-03-02T15:57:14Z,1727256,d39896f013c,13.25
2023-03-02T15:57:15Z,1728420,d39896f013c,13.25
2023-03-02T15:57:16Z,1729583,d39896f013c,13.25
2023-03-02T15:57:18Z,1730744,d39896f013c,13.25
2023-03-02T15:57:19Z,1731906,d39896f013c,13.31
2023-03-02T15:57:20Z,1733067,d39896f013c,13.31
2023-03-02T15:57:21Z,1734230,d39896f013c,13.31
2023-03-02T15:57:22Z,1735391,d39896f013c,13.38
2023-03-02T15:57:23Z,1736558,d39896f013c,13.44
2023-03-02T15:57:24Z,1737719,d39896f013c,13.38
2023-03-02T15:57:26Z,1738882,d39896f013c,13.44
2023-03-02T15:57:27Z,1740042,d39896f013c,13.44
2023-03-02T15:57:28Z,1741203,d39896f013c,13.44
2023-03-02T15:57:29Z,1742365,d39896f013c,13.5
2023-03-02T15:57:30Z,1743527,d39896f013c,13.5
2023-03-02T15:57:31Z,1744689,d39896f013c,13.56
2023-03-02T15:57:33Z,1745851,d39896f013c,13.5
2023-03-02T15:57:34Z,1747012,d39896f013c,13.56
2023-03-02T15:57:35Z,1748174,d39896f013c,13.56
2023-03-02T15:57:36Z,1749336,d39896f013c,13.56
2023-03-02T15:57:37Z,1750501,d39896f013c,13.56
2023-03-02T15:57:38Z,1751662,d39896f013c,13.56
2023-03-02T15:57:40Z,1752824,d39896f013c,13.56
2023-03-02T15:57:41Z,1753986,d39896f013c,13.63
2023-03-02T15:57:42Z,1755148,d39896f013c,13.63
2023-03-02T15:57:43Z,1756309,d39896f013c,13.56
2023-03-02T15:57:44Z,1757471,d39896f013c,13.63
2023-03-02T15:57:45Z,1758632,d39896f013c,13.56
2023-03-02T15:57:47Z,1759795,d39896f013c,13.63
2023-03-02T15:57:48Z,1760957,d39896f013c,13.63
2023-03-02T15:57:49Z,1762121,d39896f013c,13.63
2023-03-02T15:57:50Z,1763282,d39896f013c,13.63
2023-03-02T15:57:51Z,1764445,d39896f013c,13.69
2023-03-02T15:57:52Z,1765612,d39896f013c,13.69
2023-03-02T15:57:54Z,1766774,d39896f013c,13.69
2023-03-02T15:57:55Z,1767936,d39896f013c,13.75
2023-03-02T15:57:56Z,1769098,d39896f013c,13.75
2023-03-02T15:57:57Z,1770260,d39896f013c,13.75
2023-03-02T15:57:58Z,1771421,d39896f013c,13.75
2023-03-02T15:57:59Z,1772587,d39896f013c,13.81
2023-03-02T15:58:01Z,1773748,d39896f013c,13.88
2023-03-02T15:58:02Z,1774910,d39896f013c,13.88
2023-03-02T15:58:03Z,1776072,d39896f013c,13.88
2023-03-02T15:58:04Z,1777233,d39896f013c,13.88
2023-03-02T15:58:05Z,1778396,d39896f013c,13.94
2023-03-02T15:58:06Z,1779557,d39896f013c,14
2023-03-02T15:58:08Z,1780719,d39896f013c,14
2023-03-02T15:58:09Z,1781880,d39896f013c,14
2023-03-02T15:58:10Z,1783043,d39896f013c,14
2023-03-02T15:58:11Z,1784207,d39896f013c,14.06
2023-03-02T15:58:12Z,1785368,d39896f013c,14.06
2023-03-02T15:58:13Z,1786530,d39896f013c,14
2023-03-02T15:58:14Z,1787692,d39896f013c,14.06
2023-03-02T15:58:16Z,1788854,d39896f013c,14.06
2023-03-02T15:58:17Z,1790015,d39896f013c,14.06
2023-03-02T15:58:18Z,1791177,d39896f013c,14.06
2023-03-02T15:58:19Z,1792338,d39896f013c,14.06
2023-03-02T15:58:20Z,1793506,d39896f013c,14.06
2023-03-02T15:58:21Z,1794668,d39896f013c,14.13
2023-03-02T15:58:23Z,1795832,d39896f013c,14.06
2023-03-02T15:58:24Z,1796994,d39896f013c,14.13
2023-03-02T15:58:25Z,1798155,d39896f013c,14.13
2023-03-02T15:58:26Z,1799316,d39896f013c,14.13
2023-03-02T15:58:27Z,1800477,d39896f013c,14.13
2023-03-02T15:58:28Z,1801638,d39896f013c,14.13
2023-03-02T15:58:30Z,1802800,d39896f013c,14.19
2023-03-02T15:58:31Z,1803961,d39896f013c,14.19
2023-03-02T15:58:32Z,1805122,d39896f013c,14.19
2023-03-02T15:58:33Z,1806288,d39896f013c,14.19
2023-03-02T15:58:34Z,1807456,d39896f013c,14.25
2023-03-02T15:58:35Z,1808623,d39896f013c,14.25
2023-03-02T15:58:37Z,1809790,d39896f013c,14.25
2023-03-02T15:58:38Z,1810958,d39896f013c,14.25
2023-03-02T15:58:39Z,1812125,d39896f013c,14.25
2023-03-02T15:58:40Z,1813293,d39896f013c,14.25
2023-03-02T15:58:41Z,1814460,d39896f013c,14.25
2023-03-02T15:58:42Z,1815627,d39896f013c,14.25
2023-03-02T15:58:44Z,1816795,d39896f013c,14.25
2023-03-02T15:58:45Z,1817965,d39896f013c,14.31
2023-03-02T15:58:46Z,1819133,d39896f013c,14.38
2023-03-02T15:58:47Z,1820301,d39896f013c,14.38
2023-03-02T15:58:48Z,1821469,d39896f013c,14.38
2023-03-02T15:58:49Z,1822643,d39896f013c,14.38
2023-03-02T15:58:51Z,1823810,d39896f013c,14.38
2023-03-02T15:58:52Z,1824978,d39896f013c,14.38
2023-03-02T15:58:53Z,1826147,d39896f013c,14.44
2023-03-02T15:58:54Z,1827315,d39896f013c,14.44
2023-03-02T15:58:55Z,1828483,d39896f013c,14.5
2023-03-02T15:58:56Z,1829654,d39896f013c,14.5
2023-03-02T15:58:58Z,1830822,d39896f013c,14.5
2023-03-02T15:58:59Z,1831991,d39896f013c,14.56
2023-03-02T15:59:00Z,1833158,d39896f013c,14.56
2023-03-02T15:59:01Z,1834327,d39896f013c,14.56
2023-03-02T15:59:02Z,1835495,d39896f013c,14.56
2023-03-02T15:59:03Z,1836662,d39896f013c,14.56
2023-03-02T15:59:05Z,1837831,d39896f013c,14.56
2023-03-02T15:59:06Z,1838998,d39896f013c,14.5
2023-03-02T15:59:07Z,1840169,d39896f013c,14.63
2023-03-02T15:59:08Z,1841338,d39896f013c,14.63
2023-03-02T15:59:09Z,1842505,d39896f013c,14.63
2023-03-02T15:59:11Z,1843674,d39896f013c,14.69
2023-03-02T15:59:12Z,1844842,d39896f013c,14.69
2023-03-02T15:59:13Z,1846009,d39896f013c,14.69
2023-03-02T15:59:14Z,1847178,d39896f013c,14.69
2023-03-02T15:59:15Z,1848345,d39896f013c,14.69
2023-03-02T15:59:16Z,1849513,d39896f013c,14.75
2023-03-02T15:59:18Z,1850686,d39896f013c,14.75
2023-03-02T15:59:19Z,1851857,d39896f013c,14.75
2023-03-02T15:59:20Z,1853026,d39896f013c,14.75
2023-03-02T15:59:21Z,1854194,d39896f013c,14.75
2023-03-02T15:59:22Z,1855363,d39896f013c,14.69
2023-03-02T15:59:23Z,1856530,d39896f013c,14.81
2023-03-02T15:59:25Z,1857698,d39896f013c,14.81
2023-03-02T15:59:26Z,1858867,d39896f013c,14.81
2023-03-02T15:59:27Z,1860035,d39896f013c,14.81
2023-03-02T15:59:28Z,1861202,d39896f013c,14.88
2023-03-02T15:59:29Z,1862371,d39896f013c,14.81
2023-03-02T15:59:30Z,1863542,d39896f013c,14.88
2023-03-02T15:59:32Z,1864711,d39896f013c,14.88
2023-03-02T15:59:33Z,1865878,d39896f013c,14.88
2023-03-02T15:59:34Z,1867046,d39896f013c,14.81
2023-03-02T15:59:35Z,1868215,d39896f013c,14.81
2023-03-02T15:59:36Z,1869382,d39896f013c,14.88
2023-03-02T15:59:37Z,1870551,d39896f013c,14.94
2023-03-02T15:59:39Z,1871718,d39896f013c,14.94
2023-03-02T15:59:40Z,1872886,d39896f013c,14.94
2023-03-02T15:59:41Z,1874058,d39896f013c,15
2023-03-02T15:59:42Z,1875225,d39896f013c,14.94
2023-03-02T15:59:43Z,1876393,d39896f013c,14.94
2023-03-02T15:59:44Z,1877561,d39896f013c,15.06
2023-03-02T15:59:46Z,1878729,d39896f013c,15.06
2023-03-02T15:59:47Z,1879903,d39896f013c,15.13
2023-03-02T15:59:48Z,1881071,d39896f013c,15.13
2023-03-02T15:59:49Z,1882238,d39896f013c,15.13
2023-03-02T15:59:50Z,1883407,d39896f013c,15.19
2023-03-02T15:59:51Z,1884575,d39896f013c,15.13
2023-03-02T15:59:53Z,1885742,d39896f013c,15.19
2023-03-02T15:59:54Z,1886909,d39896f013c,15.13
2023-03-02T15:59:55Z,1888076,d39896f013c,15.13
2023-03-02T15:59:56Z,1889244,d39896f013c,15.19
2023-03-02T15:59:57Z,1890411,d39896f013c,15.13
2023-03-02T15:59:58Z,1891578,d39896f013c,15.19
2023-03-02T16:00:00Z,1892746,d39896f013c,15.19
2023-03-02T16:00:01Z,1893913,d39896f013c,15.19
2023-03-02T16:00:02Z,1895080,d39896f013c,15.19
2023-03-02T16:00:03Z,1896248,d39896f013c,15.19
2023-03-02T16:00:04Z,1897428,d39896f013c,15.13
2023-03-02T16:00:05Z,1898598,d39896f013c,15.19
2023-03-02T16:00:07Z,1899767,d39896f013c,15.19
2023-03-02T16:00:08Z,1900937,d39896f013c,15.25
2023-03-02T16:00:09Z,1902106,d39896f013c,15.25
2023-03-02T16:00:10Z,1903276,d39896f013c,15.25
2023-03-02T16:00:11Z,1904445,d39896f013c,15.31
2023-03-02T16:00:12Z,1905614,d39896f013c,15.31
2023-03-02T16:00:14Z,1906784,d39896f013c,15.31
2023-03-02T16:00:15Z,1907957,d39896f013c,15.31
2023-03-02T16:00:16Z,1909133,d39896f013c,15.31
2023-03-02T16:00:17Z,1910303,d39896f013c,15.31
2023-03-02T16:00:18Z,1911473,d39896f013c,15.38
2023-03-02T16:00:20Z,1912643,d39896f013c,15.38
2023-03-02T16:00:21Z,1913814,d39896f013c,15.38
2023-03-02T16:00:22Z,1914984,d39896f013c,15.38
2023-03-02T16:00:23Z,1916153,d39896f013c,15.38
2023-03-02T16:00:24Z,1917324,d39896f013c,15.44
2023-03-02T16:00:25Z,1918494,d39896f013c,15.44
2023-03-02T16:00:27Z,1919668,d39896f013c,15.44
2023-03-02T16:00:28Z,1920838,d39896f013c,15.5
2023-03-02T16:00:29Z,1922008,d39896f013c,15.5
2023-03-02T16:00:30Z,1923178,d39896f013c,15.5
2023-03-02T16:00:31Z,1924348,d39896f013c,15.5
2023-03-02T16:00:32Z,1925518,d39896f013c,15.5
2023-03-02T16:00:34Z,1926688,d39896f013c,15.63
2023-03-02T16:00:35Z,1927858,d39896f013c,15.56
2023-03-02T16:00:36Z,1929028,d39896f013c,15.63
2023-03-02T16:00:37Z,1930199,d39896f013c,15.63
2023-03-02T16:00:38Z,1931372,d39896f013c,15.63
2023-03-02T16:00:39Z,1932541,d39896f013c,15.63
2023-03-02T16:00:41Z,1933712,d39896f013c,15.63
2023-03-02T16:00:42Z,1934881,d39896f013c,15.69
2023-03-02T16:00:43Z,1936052,d39896f013c,15.69
2023-03-02T16:00:44Z,1937227,d39896f013c,15.69
2023-03-02T16:00:45Z,1938397,d39896f013c,15.69
2023-03-02T16:00:46Z,1939567,d39896f013c,15.75
2023-03-02T16:00:48Z,1940738,d39896f013c,15.75
2023-03-02T16:00:49Z,1941911,d39896f013c,15.75
2023-03-02T16:00:50Z,1943081,d39896f013c,15.81
2023-03-02T16:00:51Z,1944252,d39896f013c,15.81
2023-03-02T16:00:52Z,1945421,d39896f013c,15.81
2023-03-02T16:00:53Z,1946592,d39896f013c,15.88
2023-03-02T16:00:55Z,1947762,d39896f013c,15.88
2023-03-02T16:00:56Z,1948932,d39896f013c,15.88
2023-03-02T16:00:57Z,1950102,d39896f013c,15.94
2023-03-02T16:00:58Z,1951272,d39896f013c,15.94
2023-03-02T16:00:59Z,1952442,d39896f013c,15.94
2023-03-02T16:01:01Z,1953615,d39896f013c,15.94
2023-03-02T16:01:02Z,1954786,d39896f013c,16
2023-03-02T16:01:03Z,1955956,d39896f013c,15.94
2023-03-02T16:01:04Z,1957126,d39896f013c,16
2023-03-02T16:01:05Z,1958296,d39896f013c,16
2023-03-02T16:01:06Z,1959465,d39896f013c,16
2023-03-02T16:01:08Z,1960636,d39896f013c,16
2023-03-02T16:01:09Z,1961805,d39896f013c,16
2023-03-02T16:01:10Z,1962976,d39896f013c,16.06
2023-03-02T16:01:11Z,1964146,d39896f013c,16.06
2023-03-02T16:01:12Z,1965320,d39896f013c,16.13
2023-03-02T16:01:13Z,1966495,d39896f013c,16.13
2023-03-02T16:01:15Z,1967665,d39896f013c,16.13
2023-03-02T16:01:16Z,1968835,d39896f013c,16.13
2023-03-02T16:01:17Z,1970006,d39896f013c,16.13
2023-03-02T16:01:18Z,1971176,d39896f013c,16.19
2023-03-02T16:01:19Z,1972345,d39896f013c,16.13
2023-03-02T16:01:20Z,1973516,d39896f013c,16.19
2023-03-02T16:01:22Z,1974686,d39896f013c,16.19
2023-03-02T16:01:23Z,1975860,d39896f013c,16.19
2023-03-02T16:01:24Z,1977029,d39896f013c,16.19
2023-03-02T16:01:25Z,1978199,d39896f013c,16.19
2023-03-02T16:01:26Z,1979368,d39896f013c,16.25
2023-03-02T16:01:27Z,1980537,d39896f013c,16.19
2023-03-02T16:01:29Z,1981707,d39896f013c,16.19
2023-03-02T16:01:30Z,1982876,d39896f013c,16.25
2023-03-02T16:01:31Z,1984046,d39896f013c,16.25
2023-03-02T16:01:32Z,1985215,d39896f013c,16.25
2023-03-02T16:01:33Z,1986384,d39896f013c,16.25
2023-03-02T16:01:34Z,1987564,d39896f013c,16.25
2023-03-02T16:01:36Z,1988726,d39896f013c,16.31
2023-03-02T16:01:37Z,1989888,d39896f013c,16.31
2023-03-02T16:01:38Z,1991049,d39896f013c,16.31
2023-03-02T16:01:39Z,1992210,d39896f013c,16.31
2023-03-02T16:01:40Z,1993371,d39896f013c,16.31
2023-03-02T16:01:41Z,1994539,d39896f013c,16.38
2023-03-02T16:01:43Z,1995700,d39896f013c,16.38
2023-03-02T16:01:44Z,1996862,d39896f013c,16.38
2023-03-02T16:01:45Z,1998023,d39896f013c,16.38
2023-03-02T16:01:46Z,1999187,d39896f013c,16.31
2023-03-02T16:01:47Z,2000350,d39896f013c,16.31
2023-03-02T16:01:48Z,2001512,d39896f013c,16.31
2023-03-02T16:01:50Z,2002674,d39896f013c,16.44
2023-03-02T16:01:51Z,2003836,d39896f013c,16.44
2023-03-02T16:01:52Z,2004999,d39896f013c,16.44
2023-03-02T16:01:53Z,2006161,d39896f013c,16.44
2023-03-02T16:01:54Z,2007322,d39896f013c,16.5
2023-03-02T16:01:55Z,2008484,d39896f013c,16.44
2023-03-02T16:01:57Z,2009650,d39896f013c,16.5
2023-03-02T16:01:58Z,2010811,d39896f013c,16.56
2023-03-02T16:01:59Z,2011973,d39896f013c,16.5
2023-03-02T16:02:00Z,2013135,d39896f013c,16.56
2023-03-02T16:02:01Z,2014298,d39896f013c,16.56
2023-03-02T16:02:02Z,2015460,d39896f013c,16.56
2023-03-02T16:02:04Z,2016621,d39896f013c,16.63
2023-03-02T16:02:05Z,2017783,d39896f013c,16.63
2023-03-02T16:02:06Z,2018946,d39896f013c,16.63
2023-03-02T16:02:07Z,2020107,d39896f013c,16.63
2023-03-02T16:02:08Z,2021267,d39896f013c,16.69
2023-03-02T16:02:09Z,2022429,d39896f013c,16.69
2023-03-02T16:02:11Z,2023597,d39896f013c,16.69
2023-03-02T16:02:12Z,2024759,d39896f013c,16.69
2023-03-02T16:02:13Z,2025921,d39896f013c,16.75
2023-03-02T16:02:14Z,2027083,d39896f013c,16.75
2023-03-02T16:02:15Z,2028244,d39896f013c,16.75
2023-03-02T16:02:16Z,2029407,d39896f013c,16.81
2023-03-02T16:02:18Z,2030569,d39896f013c,16.81
2023-03-02T16:02:19Z,2031731,d39896f013c,16.81
2023-03-02T16:02:20Z,2032891,d39896f013c,16.81
2023-03-02T16:02:21Z,2034054,d39896f013c,16.81
2023-03-02T16:02:22Z,2035215,d39896f013c,16.88
2023-03-02T16:02:23Z,2036377,d39896f013c,16.88
2023-03-02T16:02:24Z,2037539,d39896f013c,16.88
2023-03-02T16:02:26Z,2038702,d39896f013c,16.88
2023-03-02T16:02:27Z,2039864,d39896f013c,16.88
2023-03-02T16:02:28Z,2041026,d39896f013c,16.94
2023-03-02T16:02:29Z,2042187,d39896f013c,16.94
2023-03-02T16:02:30Z,2043353,d39896f013c,16.94
2023-03-02T16:02:31Z,2044515,d39896f013c,16.94
2023-03-02T16:02:33Z,2045676,d39896f013c,16.94
2023-03-02T16:02:34Z,2046838,d39896f013c,16.94
2023-03-02T16:02:35Z,2048001,d39896f013c,17
2023-03-02T16:02:36Z,2049163,d39896f013c,17
2023-03-02T16:02:37Z,2050324,d39896f013c,16.94
2023-03-02T16:02:38Z,2051487,d39896f013c,17
2023-03-02T16:02:40Z,2052654,d39896f013c,17.06
2023-03-02T16:02:41Z,2053816,d39896f013c,17.06
2023-03-02T16:02:42Z,2054981,d39896f013c,17.13
2023-03-02T16:02:43Z,2056143,d39896f013c,17.13
2023-03-02T16:02:44Z,2057306,d39896f013c,17.13
2023-03-02T16:02:45Z,2058467,d39896f013c,17.06
2023-03-02T16:02:47Z,2059629,d39896f013c,17.13
2023-03-02T16:02:48Z,2060791,d39896f013c,17.13
2023-03-02T16:02:49Z,2061954,d39896f013c,17.13
2023-03-02T16:02:50Z,2063116,d39896f013c,17.13
2023-03-02T16:02:51Z,2064278,d39896f013c,17.19
2023-03-02T16:02:52Z,2065439,d39896f013c,17.19
2023-03-02T16:02:54Z,2066605,d39896f013c,17.19
2023-03-02T16:02:55Z,2067766,d39896f013c,17.19
2023-03-02T16:02:56Z,2068927,d39896f013c,17.25
2023-03-02T16:02:57Z,2070088,d39896f013c,17.25
2023-03-02T16:02:58Z,2071249,d39896f013c,17.25
2023-03-02T16:02:59Z,2072411,d39896f013c,17.25
2023-03-02T16:03:01Z,2073573,d39896f013c,17.25
2023-03-02T16:03:02Z,2074734,d39896f013c,17.31
2023-03-02T16:03:03Z,2075895,d39896f013c,17.38
2023-03-02T16:03:04Z,2077069,d39896f013c,17.38
2023-03-02T16:03:05Z,2078237,d39896f013c,17.38
2023-03-02T16:03:06Z,2079405,d39896f013c,17.31
2023-03-02T16:03:08Z,2080578,d39896f013c,17.38
2023-03-02T16:03:09Z,2081745,d39896f013c,17.44
2023-03-02T16:03:10Z,2082914,d39896f013c,17.44
2023-03-02T16:03:11Z,2084081,d39896f013c,17.44
2023-03-02T16:03:12Z,2085250,d39896f013c,17.44
2023-03-02T16:03:13Z,2086417,d39896f013c,17.44
2023-03-02T16:03:15Z,2087585,d39896f013c,17.44
2023-03-02T16:03:16Z,2088757,d39896f013c,17.5
2023-03-02T16:03:17Z,2089924,d39896f013c,17.5
2023-03-02T16:03:18Z,2091092,d39896f013c,17.56
2023-03-02T16:03:19Z,2092261,d39896f013c,17.5
2023-03-02T16:03:20Z,2093429,d39896f013c,17.56
2023-03-02T16:03:22Z,2094598,d39896f013c,17.56
2023-03-02T16:03:23Z,2095766,d39896f013c,17.63
2023-03-02T16:03:24Z,2096934,d39896f013c,17.69
2023-03-02T16:03:25Z,2098103,d39896f013c,17.69
2023-03-02T16:03:26Z,2099271,d39896f013c,17.69
2023-03-02T16:03:27Z,2100438,d39896f013c,17.63
2023-03-02T16:03:29Z,2101606,d39896f013c,17.69
2023-03-02T16:03:30Z,2102774,d39896f013c,17.69
2023-03-02T16:03:31Z,2103943,d39896f013c,17.69
2023-03-02T16:03:32Z,2105110,d39896f013c,17.75
2023-03-02T16:03:33Z,2106278,d39896f013c,17.75
2023-03-02T16:03:34Z,2107447,d39896f013c,17.75
2023-03-02T16:03:36Z,2108615,d39896f013c,17.81
2023-03-02T16:03:37Z,2109789,d39896f013c,17.81
2023-03-02T16:03:38Z,2110961,d39896f013c,17.81
2023-03-02T16:03:39Z,2112130,d39896f013c,17.81
2023-03-02T16:03:40Z,2113298,d39896f013c,17.81
2023-03-02T16:03:41Z,2114466,d39896f013c,17.88
2023-03-02T16:03:43Z,2115635,d39896f013c,17.88
2023-03-02T16:03:44Z,2116803,d39896f013c,17.88
2023-03-02T16:03:45Z,2117971,d39896f013c,17.88
2023-03-02T16:03:46Z,2119140,d39896f013c,17.88
2023-03-02T16:03:47Z,2120308,d39896f013c,17.88
2023-03-02T16:03:48Z,2121477,d39896f013c,17.94
2023-03-02T16:03:50Z,2122648,d39896f013c,17.94
2023-03-02T16:03:51Z,2123816,d39896f013c,17.94
2023-03-02T16:03:52Z,2124985,d39896f013c,17.94
2023-03-02T16:03:53Z,2126153,d39896f013c,17.94
2023-03-02T16:03:54Z,2127322,d39896f013c,17.94
2023-03-02T16:03:56Z,2128490,d39896f013c,17.94
2023-03-02T16:03:57Z,2129658,d39896f013c,18
2023-03-02T16:03:58Z,2130827,d39896f013c,18.06
2023-03-02T16:03:59Z,2131995,d39896f013c,18.06
2023-03-02T16:04:00Z,2133164,d39896f013c,18.06
2023-03-02T16:04:01Z,2134335,d39896f013c,18.13
2023-03-02T16:04:03Z,2135503,d39896f013c,18.13
2023-03-02T16:04:04Z,2136671,d39896f013c,18.13
2023-03-02T16:04:05Z,2137845,d39896f013c,18.13
2023-03-02T16:04:06Z,2139014,d39896f013c,18.19
2023-03-02T16:04:07Z,2140182,d39896f013c,18.19
2023-03-02T16:04:08Z,2141350,d39896f013c,18.19
2023-03-02T16:04:10Z,2142519,d39896f013c,18.25
2023-03-02T16:04:11Z,2143687,d39896f013c,18.19
2023-03-02T16:04:12Z,2144859,d39896f013c,18.19
2023-03-02T16:04:13Z,2146027,d39896f013c,18.25
2023-03-02T16:04:14Z,2147195,d39896f013c,18.25
2023-03-02T16:04:15Z,2148364,d39896f013c,18.31
2023-03-02T16:04:17Z,2149532,d39896f013c,18.31
2023-03-02T16:04:18Z,2150701,d39896f013c,18.31
2023-03-02T16:04:19Z,2151869,d39896f013c,18.31
2023-03-02T16:04:20Z,2153037,d39896f013c,18.38
2023-03-02T16:04:21Z,2154206,d39896f013c,18.38
2023-03-02T16:04:22Z,2155374,d39896f013c,18.38
2023-03-02T16:04:24Z,2156546,d39896f013c,18.31
2023-03-02T16:04:25Z,2157713,d39896f013c,18.38
2023-03-02T16:04:26Z,2158880,d39896f013c,18.38
2023-03-02T16:04:27Z,2160049,d39896f013c,18.44
2023-03-02T16:04:28Z,2161216,d39896f013c,18.44
2023-03-02T16:04:29Z,2162383,d39896f013c,18.44
2023-03-02T16:04:31Z,2163552,d39896f013c,18.44
2023-03-02T16:04:32Z,2164719,d39896f013c,18.5
2023-03-02T16:04:33Z,2165886,d39896f013c,18.5
2023-03-02T16:04:34Z,2167060,d39896f013c,18.5
2023-03-02T16:04:35Z,2168242,d39896f013c,18.56
2023-03-02T16:04:36Z,2169412,d39896f013c,18.5
2023-03-02T16:04:38Z,2170583,d39896f013c,18.56
2023-03-02T16:04:39Z,2171752,d39896f013c,18.56
2023-03-02T16:04:40Z,2172922,d39896f013c,18.56
2023-03-02T16:04:41Z,2174092,d39896f013c,18.56
2023-03-02T16:04:42Z,2175261,d39896f013c,18.63
2023-03-02T16:04:43Z,2176432,d39896f013c,18.56
2023-03-02T16:04:45Z,2177601,d39896f013c,18.63
2023-03-02T16:04:46Z,2178775,d39896f013c,18.56
2023-03-02T16:04:47Z,2179945,d39896f013c,18.63
2023-03-02T16:04:48Z,2181115,d39896f013c,18.63
2023-03-02T16:04:49Z,2182286,d39896f013c,18.63
2023-03-02T16:04:51Z,2183456,d39896f013c,18.63
2023-03-02T16:04:52Z,2184627,d39896f013c,18.69
2023-03-02T16:04:53Z,2185797,d39896f013c,18.69
2023-03-02T16:04:54Z,2186968,d39896f013c,18.69
2023-03-02T16:04:55Z,2188138,d39896f013c,18.69
2023-03-02T16:04:56Z,2189308,d39896f013c,18.75
2023-03-02T16:04:58Z,2190477,d39896f013c,18.75
2023-03-02T16:04:59Z,2191647,d39896f013c,18.69
2023-03-02T16:05:00Z,2192818,d39896f013c,18.75
2023-03-02T16:05:01Z,2193988,d39896f013c,18.75
2023-03-02T16:05:02Z,2195164,d39896f013c,18.81
2023-03-02T16:05:03Z,2196334,d39896f013c,18.81
2023-03-02T16:05:05Z,2197505,d39896f013c,18.81
2023-03-02T16:05:06Z,2198675,d39896f013c,18.88
2023-03-02T16:05:07Z,2199845,d39896f013c,18.88
2023-03-02T16:05:08Z,2201016,d39896f013c,18.88
2023-03-02T16:05:09Z,2202190,d39896f013c,18.88
2023-03-02T16:05:10Z,2203361,d39896f013c,18.94
2023-03-02T16:05:12Z,2204531,d39896f013c,18.88
2023-03-02T16:05:13Z,2205702,d39896f013c,18.94
2023-03-02T16:05:14Z,2206872,d39896f013c,18.94
2023-03-02T16:05:15Z,2208043,d39896f013c,19
2023-03-02T16:05:16Z,2209213,d39896f013c,18.88
2023-03-02T16:05:17Z,2210383,d39896f013c,18.94
2023-03-02T16:05:19Z,2211554,d39896f013c,18.94
2023-03-02T16:05:20Z,2212727,d39896f013c,19
2023-03-02T16:05:21Z,2213898,d39896f013c,19
2023-03-02T16:05:22Z,2215068,d39896f013c,18.94
2023-03-02T16:05:23Z,2216239,d39896f013c,19
2023-03-02T16:05:24Z,2217409,d39896f013c,19.06
2023-03-02T16:05:26Z,2218579,d39896f013c,19.06
2023-03-02T16:05:27Z,2219750,d39896f013c,19.06
2023-03-02T16:05:28Z,2220920,d39896f013c,19.06
2023-03-02T16:05:29Z,2222090,d39896f013c,19.13
2023-03-02T16:05:30Z,2223260,d39896f013c,19.13
2023-03-02T16:05:32Z,2224440,d39896f013c,19.19
2023-03-02T16:05:33Z,2225610,d39896f013c,19.13
2023-03-02T16:05:34Z,2226781,d39896f013c,19.19
2023-03-02T16:05:35Z,2227951,d39896f013c,19.19
2023-03-02T16:05:36Z,2229122,d39896f013c,19.25
2023-03-02T16:05:37Z,2230293,d39896f013c,19.19
2023-03-02T16:05:39Z,2231463,d39896f013c,19.25
2023-03-02T16:05:40Z,2232634,d39896f013c,19.25
2023-03-02T16:05:41Z,2233804,d39896f013c,19.25
2023-03-02T16:05:42Z,2234975,d39896f013c,19.31
2023-03-02T16:05:43Z,2236148,d39896f013c,19.25
2023-03-02T16:05:44Z,2237319,d39896f013c,19.31
2023-03-02T16:05:46Z,2238489,d39896f013c,19.31
2023-03-02T16:05:47Z,2239660,d39896f013c,19.31
2023-03-02T16:05:48Z,2240830,d39896f013c,19.31
2023-03-02T16:05:49Z,2242000,d39896f013c,19.38
2023-03-02T16:05:50Z,2243171,d39896f013c,19.38
2023-03-02T16:05:51Z,2244341,d39896f013c,19.31
2023-03-02T16:05:53Z,2245512,d39896f013c,19.38
2023-03-02T16:05:54Z,2246685,d39896f013c,19.38
2023-03-02T16:05:55Z,2247855,d39896f013c,19.44
2023-03-02T16:05:56Z,2249025,d39896f013c,19.44
2023-03-02T16:05:57Z,2250194,d39896f013c,19.44
2023-03-02T16:05:58Z,2251364,d39896f013c,19.38
2023-03-02T16:06:00Z,2252534,d39896f013c,19.38
2023-03-02T16:06:01Z,2253709,d39896f013c,19.5
2023-03-02T16:06:02Z,2254879,d39896f013c,19.5
2023-03-02T16:06:03Z,2256049,d39896f013c,19.5
2023-03-02T16:06:04Z,2257219,d39896f013c,19.5
2023-03-02T16:06:05Z,2258390,d39896f013c,19.56
2023-03-02T16:06:07Z,2259551,d39896f013c,19.56
2023-03-02T16:06:08Z,2260713,d39896f013c,19.56
2023-03-02T16:06:09Z,2261874,d39896f013c,19.56
2023-03-02T16:06:10Z,2263036,d39896f013c,19.56
2023-03-02T16:06:11Z,2264199,d39896f013c,19.63
2023-03-02T16:06:12Z,2265360,d39896f013c,19.63
2023-03-02T16:06:14Z,2266522,d39896f013c,19.63
2023-03-02T16:06:15Z,2267684,d39896f013c,19.63
2023-03-02T16:06:16Z,2268846,d39896f013c,19.63
2023-03-02T16:06:17Z,2270011,d39896f013c,19.63
2023-03-02T16:06:18Z,2271173,d39896f013c,19.63
2023-03-02T16:06:19Z,2272335,d39896f013c,19.69
2023-03-02T16:06:21Z,2273499,d39896f013c,19.69
2023-03-02T16:06:22Z,2274661,d39896f013c,19.69
2023-03-02T16:06:23Z,2275823,d39896f013c,19.69
2023-03-02T16:06:24Z,2276985,d39896f013c,19.75
2023-03-02T16:06:25Z,2278148,d39896f013c,19.75
2023-03-02T16:06:26Z,2279310,d39896f013c,19.75
2023-03-02T16:06:28Z,2280475,d39896f013c,19.81
2023-03-02T16:06:29Z,2281644,d39896f013c,19.81
2023-03-02T16:06:30Z,2282806,d39896f013c,19.81
2023-03-02T16:06:31Z,2283968,d39896f013c,19.81
2023-03-02T16:06:32Z,2285131,d39896f013c,19.88
2023-03-02T16:06:33Z,2286294,d39896f013c,19.88
2023-03-02T16:06:35Z,2287456,d39896f013c,19.81
2023-03-02T16:06:36Z,2288619,d39896f013c,19.88
2023-03-02T16:06:37Z,2289781,d39896f013c,19.94
2023-03-02T16:06:38Z,2290944,d39896f013c,19.94
2023-03-02T16:06:39Z,2292109,d39896f013c,19.94
2023-03-02T16:06:40Z,2293272,d39896f013c,19.88
2023-03-02T16:06:42Z,2294434,d39896f013c,19.94
2023-03-02T16:06:43Z,2295597,d39896f013c,19.94
2023-03-02T16:06:44Z,2296759,d39896f013c,20
2023-03-02T16:06:45Z,2297921,d39896f013c,20
2023-03-02T16:06:46Z,2299083,d39896f013c,20
2023-03-02T16:06:47Z,2300247,d39896f013c,20
2023-03-02T16:06:49Z,2301409,d39896f013c,20.06
2023-03-02T16:06:50Z,2302571,d39896f013c,20.13
2023-03-02T16:06:51Z,2303736,d39896f013c,20.13
2023-03-02T16:06:52Z,2304899,d39896f013c,20.13
2023-03-02T16:06:53Z,2306061,d39896f013c,20.13
2023-03-02T16:06:54Z,2307223,d39896f013c,20.13
2023-03-02T16:06:56Z,2308385,d39896f013c,20.13
2023-03-02T16:06:57Z,2309549,d39896f013c,20.19
2023-03-02T16:06:58Z,2310716,d39896f013c,20.19
2023-03-02T16:06:59Z,2311879,d39896f013c,20.19
2023-03-02T16:07:00Z,2313041,d39896f013c,20.19
2023-03-02T16:07:01Z,2314207,d39896f013c,20.25
2023-03-02T16:07:02Z,2315370,d39896f013c,20.25
2023-03-02T16:07:04Z,2316532,d39896f013c,20.25
2023-03-02T16:07:05Z,2317694,d39896f013c,20.25
